{"D:\\CAMP PROYECT\\DESARROLLO\\frontend\\jest.setup.js": {"path":"D:\\CAMP PROYECT\\DESARROLLO\\frontend\\jest.setup.js","all":true,"statementMap":{"0":{"start":{"line":1,"column":0},"end":{"line":1,"column":48}},"1":{"start":{"line":2,"column":0},"end":{"line":2,"column":0}},"2":{"start":{"line":3,"column":0},"end":{"line":3,"column":48}},"3":{"start":{"line":4,"column":0},"end":{"line":4,"column":35}},"4":{"start":{"line":5,"column":0},"end":{"line":5,"column":1}},"5":{"start":{"line":6,"column":0},"end":{"line":6,"column":0}},"6":{"start":{"line":7,"column":0},"end":{"line":7,"column":48}},"7":{"start":{"line":8,"column":0},"end":{"line":8,"column":35}},"8":{"start":{"line":9,"column":0},"end":{"line":9,"column":1}}},"s":{"0":0,"1":0,"2":0,"3":0,"4":0,"5":0,"6":0,"7":0,"8":0},"branchMap":{"0":{"type":"branch","line":1,"loc":{"start":{"line":1,"column":0},"end":{"line":9,"column":1}},"locations":[{"start":{"line":1,"column":0},"end":{"line":9,"column":1}}]}},"b":{"0":[0]},"fnMap":{"0":{"name":"(empty-report)","decl":{"start":{"line":1,"column":0},"end":{"line":9,"column":1}},"loc":{"start":{"line":1,"column":0},"end":{"line":9,"column":1}},"line":1}},"f":{"0":0}}
,"D:\\CAMP PROYECT\\DESARROLLO\\frontend\\setupTests.js": {"path":"D:\\CAMP PROYECT\\DESARROLLO\\frontend\\setupTests.js","all":true,"statementMap":{"0":{"start":{"line":1,"column":0},"end":{"line":1,"column":35}}},"s":{"0":0},"branchMap":{"0":{"type":"branch","line":1,"loc":{"start":{"line":1,"column":0},"end":{"line":1,"column":35}},"locations":[{"start":{"line":1,"column":0},"end":{"line":1,"column":35}}]}},"b":{"0":[0]},"fnMap":{"0":{"name":"(empty-report)","decl":{"start":{"line":1,"column":0},"end":{"line":1,"column":35}},"loc":{"start":{"line":1,"column":0},"end":{"line":1,"column":35}},"line":1}},"f":{"0":0}}
,"D:\\CAMP PROYECT\\DESARROLLO\\frontend\\src\\App.jsx": {"path":"D:\\CAMP PROYECT\\DESARROLLO\\frontend\\src\\App.jsx","all":false,"statementMap":{"0":{"start":{"line":1,"column":0},"end":{"line":1,"column":64}},"1":{"start":{"line":2,"column":0},"end":{"line":2,"column":49}},"2":{"start":{"line":3,"column":0},"end":{"line":3,"column":34}},"3":{"start":{"line":4,"column":0},"end":{"line":4,"column":41}},"4":{"start":{"line":5,"column":0},"end":{"line":5,"column":42}},"5":{"start":{"line":6,"column":0},"end":{"line":6,"column":57}},"7":{"start":{"line":8,"column":0},"end":{"line":8,"column":31}},"8":{"start":{"line":9,"column":0},"end":{"line":9,"column":10}},"9":{"start":{"line":10,"column":0},"end":{"line":10,"column":18}},"10":{"start":{"line":11,"column":0},"end":{"line":11,"column":21}},"11":{"start":{"line":12,"column":0},"end":{"line":12,"column":16}},"12":{"start":{"line":13,"column":0},"end":{"line":13,"column":53}},"13":{"start":{"line":14,"column":0},"end":{"line":14,"column":59}},"15":{"start":{"line":16,"column":0},"end":{"line":16,"column":94}},"16":{"start":{"line":17,"column":0},"end":{"line":17,"column":85}},"17":{"start":{"line":18,"column":0},"end":{"line":18,"column":17}},"18":{"start":{"line":19,"column":0},"end":{"line":19,"column":22}},"19":{"start":{"line":20,"column":0},"end":{"line":20,"column":19}},"21":{"start":{"line":22,"column":0},"end":{"line":22,"column":1}}},"s":{"0":1,"1":1,"2":1,"3":1,"4":1,"5":1,"7":1,"8":1,"9":1,"10":1,"11":1,"12":1,"13":1,"15":1,"16":1,"17":1,"18":1,"19":1,"21":1},"branchMap":{"0":{"type":"branch","line":8,"loc":{"start":{"line":8,"column":0},"end":{"line":22,"column":1}},"locations":[{"start":{"line":8,"column":0},"end":{"line":22,"column":1}}]}},"b":{"0":[1]},"fnMap":{"0":{"name":"App","decl":{"start":{"line":8,"column":0},"end":{"line":22,"column":1}},"loc":{"start":{"line":8,"column":0},"end":{"line":22,"column":1}},"line":8}},"f":{"0":1}}
,"D:\\CAMP PROYECT\\DESARROLLO\\frontend\\src\\main.jsx": {"path":"D:\\CAMP PROYECT\\DESARROLLO\\frontend\\src\\main.jsx","all":true,"statementMap":{"0":{"start":{"line":1,"column":0},"end":{"line":1,"column":34}},"1":{"start":{"line":2,"column":0},"end":{"line":2,"column":45}},"2":{"start":{"line":3,"column":0},"end":{"line":3,"column":20}},"3":{"start":{"line":4,"column":0},"end":{"line":4,"column":27}},"4":{"start":{"line":5,"column":0},"end":{"line":5,"column":0}},"5":{"start":{"line":6,"column":0},"end":{"line":6,"column":51}},"6":{"start":{"line":7,"column":0},"end":{"line":7,"column":14}},"7":{"start":{"line":8,"column":0},"end":{"line":8,"column":11}},"8":{"start":{"line":9,"column":0},"end":{"line":9,"column":16}},"9":{"start":{"line":10,"column":0},"end":{"line":10,"column":1}}},"s":{"0":0,"1":0,"2":0,"3":0,"4":0,"5":0,"6":0,"7":0,"8":0,"9":0},"branchMap":{"0":{"type":"branch","line":1,"loc":{"start":{"line":1,"column":0},"end":{"line":10,"column":1}},"locations":[{"start":{"line":1,"column":0},"end":{"line":10,"column":1}}]}},"b":{"0":[0]},"fnMap":{"0":{"name":"(empty-report)","decl":{"start":{"line":1,"column":0},"end":{"line":10,"column":1}},"loc":{"start":{"line":1,"column":0},"end":{"line":10,"column":1}},"line":1}},"f":{"0":0}}
,"D:\\CAMP PROYECT\\DESARROLLO\\frontend\\src\\__mocks__\\AuthContext.js": {"path":"D:\\CAMP PROYECT\\DESARROLLO\\frontend\\src\\__mocks__\\AuthContext.js","all":true,"statementMap":{"0":{"start":{"line":1,"column":0},"end":{"line":1,"column":28}},"1":{"start":{"line":2,"column":0},"end":{"line":2,"column":26}},"2":{"start":{"line":3,"column":0},"end":{"line":3,"column":0}},"3":{"start":{"line":4,"column":0},"end":{"line":4,"column":33}},"4":{"start":{"line":5,"column":0},"end":{"line":5,"column":49}},"5":{"start":{"line":6,"column":0},"end":{"line":6,"column":0}},"6":{"start":{"line":7,"column":0},"end":{"line":7,"column":18}},"7":{"start":{"line":8,"column":0},"end":{"line":8,"column":31}},"8":{"start":{"line":9,"column":0},"end":{"line":9,"column":33}},"9":{"start":{"line":10,"column":0},"end":{"line":10,"column":17}},"10":{"start":{"line":11,"column":0},"end":{"line":11,"column":18}},"11":{"start":{"line":12,"column":0},"end":{"line":12,"column":20}},"12":{"start":{"line":13,"column":0},"end":{"line":13,"column":3}}},"s":{"0":0,"1":0,"2":0,"3":0,"4":0,"5":0,"6":0,"7":0,"8":0,"9":0,"10":0,"11":0,"12":0},"branchMap":{"0":{"type":"branch","line":1,"loc":{"start":{"line":1,"column":0},"end":{"line":13,"column":3}},"locations":[{"start":{"line":1,"column":0},"end":{"line":13,"column":3}}]}},"b":{"0":[0]},"fnMap":{"0":{"name":"(empty-report)","decl":{"start":{"line":1,"column":0},"end":{"line":13,"column":3}},"loc":{"start":{"line":1,"column":0},"end":{"line":13,"column":3}},"line":1}},"f":{"0":0}}
,"D:\\CAMP PROYECT\\DESARROLLO\\frontend\\src\\__mocks__\\useAuth.js": {"path":"D:\\CAMP PROYECT\\DESARROLLO\\frontend\\src\\__mocks__\\useAuth.js","all":true,"statementMap":{"0":{"start":{"line":1,"column":0},"end":{"line":1,"column":31}},"1":{"start":{"line":2,"column":0},"end":{"line":2,"column":64}},"2":{"start":{"line":3,"column":0},"end":{"line":3,"column":67}},"3":{"start":{"line":4,"column":0},"end":{"line":4,"column":18}},"4":{"start":{"line":5,"column":0},"end":{"line":5,"column":33}},"5":{"start":{"line":6,"column":0},"end":{"line":6,"column":3}}},"s":{"0":0,"1":0,"2":0,"3":0,"4":0,"5":0},"branchMap":{"0":{"type":"branch","line":1,"loc":{"start":{"line":1,"column":0},"end":{"line":6,"column":3}},"locations":[{"start":{"line":1,"column":0},"end":{"line":6,"column":3}}]}},"b":{"0":[0]},"fnMap":{"0":{"name":"(empty-report)","decl":{"start":{"line":1,"column":0},"end":{"line":6,"column":3}},"loc":{"start":{"line":1,"column":0},"end":{"line":6,"column":3}},"line":1}},"f":{"0":0}}
,"D:\\CAMP PROYECT\\DESARROLLO\\frontend\\src\\components\\ProtectedRoute.jsx": {"path":"D:\\CAMP PROYECT\\DESARROLLO\\frontend\\src\\components\\ProtectedRoute.jsx","all":false,"statementMap":{"0":{"start":{"line":1,"column":0},"end":{"line":1,"column":44}},"1":{"start":{"line":2,"column":0},"end":{"line":2,"column":49}},"3":{"start":{"line":4,"column":0},"end":{"line":4,"column":54}},"4":{"start":{"line":5,"column":0},"end":{"line":5,"column":38}},"5":{"start":{"line":6,"column":0},"end":{"line":6,"column":41}},"6":{"start":{"line":7,"column":0},"end":{"line":7,"column":60}},"7":{"start":{"line":8,"column":0},"end":{"line":8,"column":1}}},"s":{"0":1,"1":1,"3":2,"4":2,"5":2,"6":2,"7":2},"branchMap":{"0":{"type":"branch","line":4,"loc":{"start":{"line":4,"column":0},"end":{"line":8,"column":1}},"locations":[{"start":{"line":4,"column":0},"end":{"line":8,"column":1}}]},"1":{"type":"branch","line":6,"loc":{"start":{"line":6,"column":15},"end":{"line":7,"column":16}},"locations":[{"start":{"line":6,"column":15},"end":{"line":7,"column":16}}]},"2":{"type":"branch","line":7,"loc":{"start":{"line":7,"column":9},"end":{"line":7,"column":27}},"locations":[{"start":{"line":7,"column":9},"end":{"line":7,"column":27}}]},"3":{"type":"branch","line":7,"loc":{"start":{"line":7,"column":16},"end":{"line":7,"column":60}},"locations":[{"start":{"line":7,"column":16},"end":{"line":7,"column":60}}]}},"b":{"0":[2],"1":[1],"2":[0],"3":[1]},"fnMap":{"0":{"name":"ProtectedRoute","decl":{"start":{"line":4,"column":0},"end":{"line":8,"column":1}},"loc":{"start":{"line":4,"column":0},"end":{"line":8,"column":1}},"line":4}},"f":{"0":2}}
,"D:\\CAMP PROYECT\\DESARROLLO\\frontend\\src\\context\\AuthContext.jsx": {"path":"D:\\CAMP PROYECT\\DESARROLLO\\frontend\\src\\context\\AuthContext.jsx","all":false,"statementMap":{"0":{"start":{"line":1,"column":0},"end":{"line":1,"column":86}},"1":{"start":{"line":2,"column":0},"end":{"line":2,"column":52}},"3":{"start":{"line":4,"column":0},"end":{"line":4,"column":43}},"4":{"start":{"line":5,"column":0},"end":{"line":5,"column":49}},"6":{"start":{"line":7,"column":0},"end":{"line":7,"column":52}},"7":{"start":{"line":8,"column":0},"end":{"line":8,"column":41}},"8":{"start":{"line":9,"column":0},"end":{"line":9,"column":47}},"9":{"start":{"line":10,"column":0},"end":{"line":10,"column":57}},"10":{"start":{"line":11,"column":0},"end":{"line":11,"column":32}},"13":{"start":{"line":14,"column":0},"end":{"line":14,"column":19}},"14":{"start":{"line":15,"column":0},"end":{"line":15,"column":18}},"15":{"start":{"line":16,"column":0},"end":{"line":16,"column":11}},"16":{"start":{"line":17,"column":0},"end":{"line":17,"column":52}},"17":{"start":{"line":18,"column":0},"end":{"line":18,"column":20}},"18":{"start":{"line":19,"column":0},"end":{"line":19,"column":47}},"19":{"start":{"line":20,"column":0},"end":{"line":20,"column":53}},"20":{"start":{"line":21,"column":0},"end":{"line":21,"column":45}},"21":{"start":{"line":22,"column":0},"end":{"line":22,"column":60}},"22":{"start":{"line":23,"column":0},"end":{"line":23,"column":9}},"23":{"start":{"line":24,"column":0},"end":{"line":24,"column":21}},"24":{"start":{"line":25,"column":0},"end":{"line":25,"column":62}},"25":{"start":{"line":26,"column":0},"end":{"line":26,"column":22}},"26":{"start":{"line":27,"column":0},"end":{"line":27,"column":17}},"27":{"start":{"line":28,"column":0},"end":{"line":28,"column":26}},"28":{"start":{"line":29,"column":0},"end":{"line":29,"column":7}},"29":{"start":{"line":30,"column":0},"end":{"line":30,"column":9}},"30":{"start":{"line":31,"column":0},"end":{"line":31,"column":9}},"32":{"start":{"line":33,"column":0},"end":{"line":33,"column":30}},"33":{"start":{"line":34,"column":0},"end":{"line":34,"column":9}},"34":{"start":{"line":35,"column":0},"end":{"line":35,"column":37}},"35":{"start":{"line":36,"column":0},"end":{"line":36,"column":19}},"36":{"start":{"line":37,"column":0},"end":{"line":37,"column":65}},"37":{"start":{"line":38,"column":0},"end":{"line":38,"column":15}},"38":{"start":{"line":39,"column":0},"end":{"line":39,"column":20}},"39":{"start":{"line":40,"column":0},"end":{"line":40,"column":25}},"40":{"start":{"line":41,"column":0},"end":{"line":41,"column":5}},"41":{"start":{"line":42,"column":0},"end":{"line":42,"column":4}},"43":{"start":{"line":44,"column":0},"end":{"line":44,"column":44}},"44":{"start":{"line":45,"column":0},"end":{"line":45,"column":72}},"46":{"start":{"line":47,"column":0},"end":{"line":47,"column":39}},"47":{"start":{"line":48,"column":0},"end":{"line":48,"column":29}},"48":{"start":{"line":49,"column":0},"end":{"line":49,"column":35}},"49":{"start":{"line":50,"column":0},"end":{"line":50,"column":22}},"51":{"start":{"line":52,"column":0},"end":{"line":52,"column":59}},"52":{"start":{"line":53,"column":0},"end":{"line":53,"column":20}},"53":{"start":{"line":54,"column":0},"end":{"line":54,"column":4}},"55":{"start":{"line":56,"column":0},"end":{"line":56,"column":53}},"56":{"start":{"line":57,"column":0},"end":{"line":57,"column":81}},"57":{"start":{"line":58,"column":0},"end":{"line":58,"column":39}},"58":{"start":{"line":59,"column":0},"end":{"line":59,"column":29}},"59":{"start":{"line":60,"column":0},"end":{"line":60,"column":35}},"60":{"start":{"line":61,"column":0},"end":{"line":61,"column":22}},"61":{"start":{"line":62,"column":0},"end":{"line":62,"column":59}},"62":{"start":{"line":63,"column":0},"end":{"line":63,"column":20}},"63":{"start":{"line":64,"column":0},"end":{"line":64,"column":4}},"65":{"start":{"line":66,"column":0},"end":{"line":66,"column":28}},"66":{"start":{"line":67,"column":0},"end":{"line":67,"column":35}},"67":{"start":{"line":68,"column":0},"end":{"line":68,"column":41}},"68":{"start":{"line":69,"column":0},"end":{"line":69,"column":15}},"69":{"start":{"line":70,"column":0},"end":{"line":70,"column":49}},"70":{"start":{"line":71,"column":0},"end":{"line":71,"column":23}},"71":{"start":{"line":72,"column":0},"end":{"line":72,"column":4}},"73":{"start":{"line":74,"column":0},"end":{"line":74,"column":19}},"74":{"start":{"line":75,"column":0},"end":{"line":75,"column":15}},"75":{"start":{"line":76,"column":0},"end":{"line":76,"column":65}},"76":{"start":{"line":77,"column":0},"end":{"line":77,"column":74}},"77":{"start":{"line":78,"column":0},"end":{"line":78,"column":19}},"78":{"start":{"line":79,"column":0},"end":{"line":79,"column":20}},"79":{"start":{"line":80,"column":0},"end":{"line":80,"column":79}},"80":{"start":{"line":81,"column":0},"end":{"line":81,"column":39}},"81":{"start":{"line":82,"column":0},"end":{"line":82,"column":8}},"82":{"start":{"line":83,"column":0},"end":{"line":83,"column":5}},"83":{"start":{"line":84,"column":0},"end":{"line":84,"column":13}},"85":{"start":{"line":86,"column":0},"end":{"line":86,"column":10}},"86":{"start":{"line":87,"column":0},"end":{"line":87,"column":73}},"87":{"start":{"line":88,"column":0},"end":{"line":88,"column":56}},"88":{"start":{"line":89,"column":0},"end":{"line":89,"column":16}},"89":{"start":{"line":90,"column":0},"end":{"line":90,"column":23}},"91":{"start":{"line":92,"column":0},"end":{"line":92,"column":1}}},"s":{"0":1,"1":1,"3":1,"4":1,"6":12,"7":12,"8":12,"9":12,"10":12,"13":12,"14":5,"15":5,"16":5,"17":5,"18":1,"19":1,"20":1,"21":1,"22":1,"23":5,"24":1,"25":1,"26":5,"27":5,"28":5,"29":5,"30":12,"32":12,"33":1,"34":1,"35":1,"36":0,"37":1,"38":1,"39":1,"40":1,"41":1,"43":12,"44":3,"46":3,"47":3,"48":3,"49":3,"51":3,"52":3,"53":3,"55":12,"56":0,"57":0,"58":0,"59":0,"60":0,"61":0,"62":0,"63":0,"65":12,"66":2,"67":2,"68":0,"69":0,"70":2,"71":2,"73":12,"74":7,"75":2,"76":2,"77":2,"78":2,"79":2,"80":2,"81":2,"82":2,"83":12,"85":12,"86":12,"87":12,"88":12,"89":12,"91":12},"branchMap":{"0":{"type":"branch","line":5,"loc":{"start":{"line":5,"column":23},"end":{"line":5,"column":49}},"locations":[{"start":{"line":5,"column":23},"end":{"line":5,"column":49}}]},"1":{"type":"branch","line":7,"loc":{"start":{"line":7,"column":0},"end":{"line":92,"column":1}},"locations":[{"start":{"line":7,"column":0},"end":{"line":92,"column":1}}]},"2":{"type":"branch","line":14,"loc":{"start":{"line":14,"column":12},"end":{"line":31,"column":5}},"locations":[{"start":{"line":14,"column":12},"end":{"line":31,"column":5}}]},"3":{"type":"branch","line":15,"loc":{"start":{"line":15,"column":5},"end":{"line":30,"column":7}},"locations":[{"start":{"line":15,"column":5},"end":{"line":30,"column":7}}]},"4":{"type":"branch","line":18,"loc":{"start":{"line":18,"column":19},"end":{"line":23,"column":9}},"locations":[{"start":{"line":18,"column":19},"end":{"line":23,"column":9}}]},"5":{"type":"branch","line":21,"loc":{"start":{"line":21,"column":32},"end":{"line":21,"column":45}},"locations":[{"start":{"line":21,"column":32},"end":{"line":21,"column":45}}]},"6":{"type":"branch","line":22,"loc":{"start":{"line":22,"column":14},"end":{"line":22,"column":42}},"locations":[{"start":{"line":22,"column":14},"end":{"line":22,"column":42}}]},"7":{"type":"branch","line":22,"loc":{"start":{"line":22,"column":42},"end":{"line":22,"column":60}},"locations":[{"start":{"line":22,"column":42},"end":{"line":22,"column":60}}]},"8":{"type":"branch","line":24,"loc":{"start":{"line":24,"column":6},"end":{"line":27,"column":8}},"locations":[{"start":{"line":24,"column":6},"end":{"line":27,"column":8}}]},"9":{"type":"branch","line":25,"loc":{"start":{"line":25,"column":46},"end":{"line":25,"column":60}},"locations":[{"start":{"line":25,"column":46},"end":{"line":25,"column":60}}]},"10":{"type":"branch","line":33,"loc":{"start":{"line":33,"column":17},"end":{"line":42,"column":4}},"locations":[{"start":{"line":33,"column":17},"end":{"line":42,"column":4}}]},"11":{"type":"branch","line":36,"loc":{"start":{"line":36,"column":4},"end":{"line":38,"column":6}},"locations":[{"start":{"line":36,"column":4},"end":{"line":38,"column":6}}]},"12":{"type":"branch","line":44,"loc":{"start":{"line":44,"column":16},"end":{"line":54,"column":4}},"locations":[{"start":{"line":44,"column":16},"end":{"line":54,"column":4}}]},"13":{"type":"branch","line":47,"loc":{"start":{"line":47,"column":26},"end":{"line":47,"column":39}},"locations":[{"start":{"line":47,"column":26},"end":{"line":47,"column":39}}]},"14":{"type":"branch","line":66,"loc":{"start":{"line":66,"column":21},"end":{"line":72,"column":4}},"locations":[{"start":{"line":66,"column":21},"end":{"line":72,"column":4}}]},"15":{"type":"branch","line":74,"loc":{"start":{"line":74,"column":12},"end":{"line":84,"column":5}},"locations":[{"start":{"line":74,"column":12},"end":{"line":84,"column":5}}]},"16":{"type":"branch","line":75,"loc":{"start":{"line":75,"column":14},"end":{"line":83,"column":5}},"locations":[{"start":{"line":75,"column":14},"end":{"line":83,"column":5}}]},"17":{"type":"branch","line":77,"loc":{"start":{"line":77,"column":21},"end":{"line":77,"column":72}},"locations":[{"start":{"line":77,"column":21},"end":{"line":77,"column":72}}]},"18":{"type":"branch","line":79,"loc":{"start":{"line":79,"column":13},"end":{"line":82,"column":8}},"locations":[{"start":{"line":79,"column":13},"end":{"line":82,"column":8}}]},"19":{"type":"branch","line":80,"loc":{"start":{"line":80,"column":23},"end":{"line":80,"column":77}},"locations":[{"start":{"line":80,"column":23},"end":{"line":80,"column":77}}]}},"b":{"0":[22],"1":[12],"2":[5],"3":[5],"4":[1],"5":[0],"6":[0],"7":[0],"8":[1],"9":[0],"10":[1],"11":[0],"12":[3],"13":[0],"14":[2],"15":[7],"16":[2],"17":[8],"18":[2],"19":[8]},"fnMap":{"0":{"name":"useAuth","decl":{"start":{"line":5,"column":23},"end":{"line":5,"column":49}},"loc":{"start":{"line":5,"column":23},"end":{"line":5,"column":49}},"line":5},"1":{"name":"AuthProvider","decl":{"start":{"line":7,"column":0},"end":{"line":92,"column":1}},"loc":{"start":{"line":7,"column":0},"end":{"line":92,"column":1}},"line":7},"2":{"name":"logout","decl":{"start":{"line":33,"column":17},"end":{"line":42,"column":4}},"loc":{"start":{"line":33,"column":17},"end":{"line":42,"column":4}},"line":33},"3":{"name":"login","decl":{"start":{"line":44,"column":16},"end":{"line":54,"column":4}},"loc":{"start":{"line":44,"column":16},"end":{"line":54,"column":4}},"line":44},"4":{"name":"register","decl":{"start":{"line":56,"column":19},"end":{"line":64,"column":4}},"loc":{"start":{"line":56,"column":19},"end":{"line":64,"column":4}},"line":56},"5":{"name":"resetTimer","decl":{"start":{"line":66,"column":21},"end":{"line":72,"column":4}},"loc":{"start":{"line":66,"column":21},"end":{"line":72,"column":4}},"line":66}},"f":{"0":22,"1":12,"2":1,"3":3,"4":0,"5":2}}
,"D:\\CAMP PROYECT\\DESARROLLO\\frontend\\src\\pages\\Dashboard.jsx": {"path":"D:\\CAMP PROYECT\\DESARROLLO\\frontend\\src\\pages\\Dashboard.jsx","all":false,"statementMap":{"0":{"start":{"line":1,"column":0},"end":{"line":1,"column":59}},"1":{"start":{"line":2,"column":0},"end":{"line":2,"column":49}},"2":{"start":{"line":3,"column":0},"end":{"line":3,"column":47}},"3":{"start":{"line":4,"column":0},"end":{"line":4,"column":33}},"5":{"start":{"line":6,"column":0},"end":{"line":6,"column":72}},"7":{"start":{"line":8,"column":0},"end":{"line":8,"column":57}},"8":{"start":{"line":9,"column":0},"end":{"line":9,"column":27}},"9":{"start":{"line":10,"column":0},"end":{"line":10,"column":84}},"11":{"start":{"line":12,"column":0},"end":{"line":12,"column":88}},"12":{"start":{"line":13,"column":0},"end":{"line":13,"column":20}},"14":{"start":{"line":15,"column":0},"end":{"line":15,"column":25}},"15":{"start":{"line":16,"column":0},"end":{"line":16,"column":28}},"16":{"start":{"line":17,"column":0},"end":{"line":17,"column":20}},"17":{"start":{"line":18,"column":0},"end":{"line":18,"column":30}},"18":{"start":{"line":19,"column":0},"end":{"line":19,"column":28}},"19":{"start":{"line":20,"column":0},"end":{"line":20,"column":30}},"20":{"start":{"line":21,"column":0},"end":{"line":21,"column":24}},"21":{"start":{"line":22,"column":0},"end":{"line":22,"column":6}},"22":{"start":{"line":23,"column":0},"end":{"line":23,"column":80}},"23":{"start":{"line":24,"column":0},"end":{"line":24,"column":28}},"24":{"start":{"line":25,"column":0},"end":{"line":25,"column":55}},"25":{"start":{"line":26,"column":0},"end":{"line":26,"column":86}},"26":{"start":{"line":27,"column":0},"end":{"line":27,"column":6}},"27":{"start":{"line":28,"column":0},"end":{"line":28,"column":5}},"29":{"start":{"line":30,"column":0},"end":{"line":30,"column":117}},"30":{"start":{"line":31,"column":0},"end":{"line":31,"column":2}},"33":{"start":{"line":34,"column":0},"end":{"line":34,"column":37}},"34":{"start":{"line":35,"column":0},"end":{"line":35,"column":37}},"35":{"start":{"line":36,"column":0},"end":{"line":36,"column":33}},"36":{"start":{"line":37,"column":0},"end":{"line":37,"column":41}},"37":{"start":{"line":38,"column":0},"end":{"line":38,"column":49}},"38":{"start":{"line":39,"column":0},"end":{"line":39,"column":48}},"39":{"start":{"line":40,"column":0},"end":{"line":40,"column":46}},"40":{"start":{"line":41,"column":0},"end":{"line":41,"column":32}},"42":{"start":{"line":43,"column":0},"end":{"line":43,"column":36}},"43":{"start":{"line":44,"column":0},"end":{"line":44,"column":19}},"44":{"start":{"line":45,"column":0},"end":{"line":45,"column":23}},"45":{"start":{"line":46,"column":0},"end":{"line":46,"column":4}},"47":{"start":{"line":48,"column":0},"end":{"line":48,"column":37}},"48":{"start":{"line":49,"column":0},"end":{"line":49,"column":23}},"49":{"start":{"line":50,"column":0},"end":{"line":50,"column":73}},"50":{"start":{"line":51,"column":0},"end":{"line":51,"column":36}},"51":{"start":{"line":52,"column":0},"end":{"line":52,"column":34}},"53":{"start":{"line":54,"column":0},"end":{"line":54,"column":9}},"54":{"start":{"line":55,"column":0},"end":{"line":55,"column":23}},"55":{"start":{"line":56,"column":0},"end":{"line":56,"column":104}},"56":{"start":{"line":57,"column":0},"end":{"line":57,"column":23}},"57":{"start":{"line":58,"column":0},"end":{"line":58,"column":23}},"58":{"start":{"line":59,"column":0},"end":{"line":59,"column":9}},"59":{"start":{"line":60,"column":0},"end":{"line":60,"column":36}},"60":{"start":{"line":61,"column":0},"end":{"line":61,"column":47}},"61":{"start":{"line":62,"column":0},"end":{"line":62,"column":24}},"62":{"start":{"line":63,"column":0},"end":{"line":63,"column":19}},"63":{"start":{"line":64,"column":0},"end":{"line":64,"column":49}},"64":{"start":{"line":65,"column":0},"end":{"line":65,"column":15}},"65":{"start":{"line":66,"column":0},"end":{"line":66,"column":24}},"66":{"start":{"line":67,"column":0},"end":{"line":67,"column":5}},"67":{"start":{"line":68,"column":0},"end":{"line":68,"column":4}},"69":{"start":{"line":70,"column":0},"end":{"line":70,"column":32}},"70":{"start":{"line":71,"column":0},"end":{"line":71,"column":85}},"71":{"start":{"line":72,"column":0},"end":{"line":72,"column":76}},"72":{"start":{"line":73,"column":0},"end":{"line":73,"column":42}},"73":{"start":{"line":74,"column":0},"end":{"line":74,"column":42}},"74":{"start":{"line":75,"column":0},"end":{"line":75,"column":17}},"75":{"start":{"line":76,"column":0},"end":{"line":76,"column":39}},"76":{"start":{"line":77,"column":0},"end":{"line":77,"column":14}},"77":{"start":{"line":78,"column":0},"end":{"line":78,"column":4}},"80":{"start":{"line":81,"column":0},"end":{"line":81,"column":19}},"81":{"start":{"line":82,"column":0},"end":{"line":82,"column":78}},"82":{"start":{"line":83,"column":0},"end":{"line":83,"column":34}},"83":{"start":{"line":84,"column":0},"end":{"line":84,"column":46}},"84":{"start":{"line":85,"column":0},"end":{"line":85,"column":78}},"85":{"start":{"line":86,"column":0},"end":{"line":86,"column":57}},"86":{"start":{"line":87,"column":0},"end":{"line":87,"column":14}},"87":{"start":{"line":88,"column":0},"end":{"line":88,"column":52}},"88":{"start":{"line":89,"column":0},"end":{"line":89,"column":7}},"89":{"start":{"line":90,"column":0},"end":{"line":90,"column":7}},"90":{"start":{"line":91,"column":0},"end":{"line":91,"column":22}},"92":{"start":{"line":93,"column":0},"end":{"line":93,"column":10}},"93":{"start":{"line":94,"column":0},"end":{"line":94,"column":60}},"94":{"start":{"line":95,"column":0},"end":{"line":95,"column":43}},"95":{"start":{"line":96,"column":0},"end":{"line":96,"column":13}},"96":{"start":{"line":97,"column":0},"end":{"line":97,"column":54}},"97":{"start":{"line":98,"column":0},"end":{"line":98,"column":67}},"98":{"start":{"line":99,"column":0},"end":{"line":99,"column":14}},"99":{"start":{"line":100,"column":0},"end":{"line":100,"column":76}},"100":{"start":{"line":101,"column":0},"end":{"line":101,"column":15}},"102":{"start":{"line":103,"column":0},"end":{"line":103,"column":40}},"103":{"start":{"line":104,"column":0},"end":{"line":104,"column":32}},"104":{"start":{"line":105,"column":0},"end":{"line":105,"column":62}},"105":{"start":{"line":106,"column":0},"end":{"line":106,"column":16}},"106":{"start":{"line":107,"column":0},"end":{"line":107,"column":23}},"107":{"start":{"line":108,"column":0},"end":{"line":108,"column":36}},"108":{"start":{"line":109,"column":0},"end":{"line":109,"column":36}},"109":{"start":{"line":110,"column":0},"end":{"line":110,"column":56}},"110":{"start":{"line":111,"column":0},"end":{"line":111,"column":12}},"112":{"start":{"line":113,"column":0},"end":{"line":113,"column":51}},"113":{"start":{"line":114,"column":0},"end":{"line":114,"column":60}},"114":{"start":{"line":115,"column":0},"end":{"line":115,"column":19}},"115":{"start":{"line":116,"column":0},"end":{"line":116,"column":15}},"116":{"start":{"line":117,"column":0},"end":{"line":117,"column":12}},"118":{"start":{"line":119,"column":0},"end":{"line":119,"column":20}},"119":{"start":{"line":120,"column":0},"end":{"line":120,"column":40}},"120":{"start":{"line":121,"column":0},"end":{"line":121,"column":32}},"121":{"start":{"line":122,"column":0},"end":{"line":122,"column":123}},"122":{"start":{"line":123,"column":0},"end":{"line":123,"column":124}},"123":{"start":{"line":124,"column":0},"end":{"line":124,"column":16}},"125":{"start":{"line":126,"column":0},"end":{"line":126,"column":34}},"126":{"start":{"line":127,"column":0},"end":{"line":127,"column":80}},"127":{"start":{"line":128,"column":0},"end":{"line":128,"column":78}},"128":{"start":{"line":129,"column":0},"end":{"line":129,"column":80}},"129":{"start":{"line":130,"column":0},"end":{"line":130,"column":74}},"130":{"start":{"line":131,"column":0},"end":{"line":131,"column":16}},"132":{"start":{"line":133,"column":0},"end":{"line":133,"column":39}},"133":{"start":{"line":134,"column":0},"end":{"line":134,"column":32}},"134":{"start":{"line":135,"column":0},"end":{"line":135,"column":80}},"135":{"start":{"line":136,"column":0},"end":{"line":136,"column":79}},"136":{"start":{"line":137,"column":0},"end":{"line":137,"column":16}},"138":{"start":{"line":139,"column":0},"end":{"line":139,"column":44}},"139":{"start":{"line":140,"column":0},"end":{"line":140,"column":91}},"140":{"start":{"line":141,"column":0},"end":{"line":141,"column":16}},"141":{"start":{"line":142,"column":0},"end":{"line":142,"column":14}},"144":{"start":{"line":145,"column":0},"end":{"line":145,"column":19}},"145":{"start":{"line":146,"column":0},"end":{"line":146,"column":41}},"146":{"start":{"line":147,"column":0},"end":{"line":147,"column":40}},"147":{"start":{"line":148,"column":0},"end":{"line":148,"column":14}},"149":{"start":{"line":150,"column":0},"end":{"line":150,"column":10}},"151":{"start":{"line":152,"column":0},"end":{"line":152,"column":1}}},"s":{"0":1,"1":1,"2":1,"3":1,"5":1,"7":1,"8":1,"9":1,"11":0,"12":0,"14":0,"15":0,"16":0,"17":0,"18":0,"19":0,"20":0,"21":0,"22":0,"23":0,"24":0,"25":0,"26":0,"27":0,"29":0,"30":0,"33":18,"34":18,"35":18,"36":18,"37":18,"38":18,"39":18,"40":18,"42":18,"43":1,"44":1,"45":1,"47":18,"48":3,"49":3,"50":2,"51":2,"53":2,"54":2,"55":3,"56":3,"57":3,"58":3,"59":2,"60":3,"61":1,"62":1,"63":1,"64":3,"65":2,"66":2,"67":3,"69":18,"70":0,"71":0,"72":0,"73":0,"74":0,"75":0,"76":0,"77":0,"80":18,"81":13,"82":13,"83":0,"84":0,"85":0,"86":0,"87":0,"88":0,"89":13,"90":18,"92":18,"93":18,"94":18,"95":18,"96":18,"97":18,"98":18,"99":18,"100":18,"102":18,"103":18,"104":18,"105":18,"106":18,"107":18,"108":18,"109":18,"110":18,"112":18,"113":18,"114":18,"115":18,"116":18,"118":18,"119":1,"120":1,"121":1,"122":1,"123":1,"125":1,"126":1,"127":1,"128":1,"129":1,"130":1,"132":1,"133":1,"134":1,"135":0,"136":1,"138":1,"139":1,"140":1,"141":1,"144":18,"145":2,"146":2,"147":2,"149":18,"151":18},"branchMap":{"0":{"type":"branch","line":8,"loc":{"start":{"line":8,"column":28},"end":{"line":31,"column":2}},"locations":[{"start":{"line":8,"column":28},"end":{"line":31,"column":2}}]},"1":{"type":"branch","line":10,"loc":{"start":{"line":10,"column":77},"end":{"line":31,"column":2}},"locations":[{"start":{"line":10,"column":77},"end":{"line":31,"column":2}}]},"2":{"type":"branch","line":34,"loc":{"start":{"line":34,"column":0},"end":{"line":152,"column":1}},"locations":[{"start":{"line":34,"column":0},"end":{"line":152,"column":1}}]},"3":{"type":"branch","line":98,"loc":{"start":{"line":98,"column":28},"end":{"line":98,"column":42}},"locations":[{"start":{"line":98,"column":28},"end":{"line":98,"column":42}}]},"4":{"type":"branch","line":98,"loc":{"start":{"line":98,"column":34},"end":{"line":98,"column":54}},"locations":[{"start":{"line":98,"column":34},"end":{"line":98,"column":54}}]},"5":{"type":"branch","line":98,"loc":{"start":{"line":98,"column":42},"end":{"line":98,"column":54}},"locations":[{"start":{"line":98,"column":42},"end":{"line":98,"column":54}}]},"6":{"type":"branch","line":114,"loc":{"start":{"line":114,"column":13},"end":{"line":114,"column":41}},"locations":[{"start":{"line":114,"column":13},"end":{"line":114,"column":41}}]},"7":{"type":"branch","line":114,"loc":{"start":{"line":114,"column":23},"end":{"line":114,"column":60}},"locations":[{"start":{"line":114,"column":23},"end":{"line":114,"column":60}}]},"8":{"type":"branch","line":119,"loc":{"start":{"line":119,"column":7},"end":{"line":142,"column":14}},"locations":[{"start":{"line":119,"column":7},"end":{"line":142,"column":14}}]},"9":{"type":"branch","line":122,"loc":{"start":{"line":122,"column":53},"end":{"line":122,"column":68}},"locations":[{"start":{"line":122,"column":53},"end":{"line":122,"column":68}}]},"10":{"type":"branch","line":123,"loc":{"start":{"line":123,"column":39},"end":{"line":123,"column":64}},"locations":[{"start":{"line":123,"column":39},"end":{"line":123,"column":64}}]},"11":{"type":"branch","line":135,"loc":{"start":{"line":135,"column":79},"end":{"line":136,"column":79}},"locations":[{"start":{"line":135,"column":79},"end":{"line":136,"column":79}}]},"12":{"type":"branch","line":145,"loc":{"start":{"line":145,"column":7},"end":{"line":148,"column":14}},"locations":[{"start":{"line":145,"column":7},"end":{"line":148,"column":14}}]},"13":{"type":"branch","line":43,"loc":{"start":{"line":43,"column":23},"end":{"line":46,"column":4}},"locations":[{"start":{"line":43,"column":23},"end":{"line":46,"column":4}}]},"14":{"type":"branch","line":48,"loc":{"start":{"line":48,"column":23},"end":{"line":68,"column":4}},"locations":[{"start":{"line":48,"column":23},"end":{"line":68,"column":4}}]},"15":{"type":"branch","line":50,"loc":{"start":{"line":50,"column":15},"end":{"line":50,"column":73}},"locations":[{"start":{"line":50,"column":15},"end":{"line":50,"column":73}}]},"16":{"type":"branch","line":50,"loc":{"start":{"line":50,"column":71},"end":{"line":56,"column":88}},"locations":[{"start":{"line":50,"column":71},"end":{"line":56,"column":88}}]},"17":{"type":"branch","line":59,"loc":{"start":{"line":59,"column":7},"end":{"line":61,"column":25}},"locations":[{"start":{"line":59,"column":7},"end":{"line":61,"column":25}}]},"18":{"type":"branch","line":61,"loc":{"start":{"line":61,"column":19},"end":{"line":65,"column":6}},"locations":[{"start":{"line":61,"column":19},"end":{"line":65,"column":6}}]},"19":{"type":"branch","line":65,"loc":{"start":{"line":65,"column":4},"end":{"line":67,"column":5}},"locations":[{"start":{"line":65,"column":4},"end":{"line":67,"column":5}}]},"20":{"type":"branch","line":81,"loc":{"start":{"line":81,"column":12},"end":{"line":91,"column":5}},"locations":[{"start":{"line":81,"column":12},"end":{"line":91,"column":5}}]},"21":{"type":"branch","line":110,"loc":{"start":{"line":110,"column":22},"end":{"line":110,"column":56}},"locations":[{"start":{"line":110,"column":22},"end":{"line":110,"column":56}}]}},"b":{"0":[1],"1":[0],"2":[18],"3":[17],"4":[1],"5":[0],"6":[2],"7":[16],"8":[1],"9":[0],"10":[0],"11":[0],"12":[2],"13":[1],"14":[3],"15":[1],"16":[2],"17":[2],"18":[1],"19":[2],"20":[13],"21":[2]},"fnMap":{"0":{"name":"escapeRegex","decl":{"start":{"line":6,"column":20},"end":{"line":6,"column":72}},"loc":{"start":{"line":6,"column":20},"end":{"line":6,"column":72}},"line":6},"1":{"name":"renderAnnotatedText","decl":{"start":{"line":8,"column":28},"end":{"line":31,"column":2}},"loc":{"start":{"line":8,"column":28},"end":{"line":31,"column":2}},"line":8},"2":{"name":"Dashboard","decl":{"start":{"line":34,"column":0},"end":{"line":152,"column":1}},"loc":{"start":{"line":34,"column":0},"end":{"line":152,"column":1}},"line":34},"3":{"name":"handleLogout","decl":{"start":{"line":43,"column":23},"end":{"line":46,"column":4}},"loc":{"start":{"line":43,"column":23},"end":{"line":46,"column":4}},"line":43},"4":{"name":"handleUpload","decl":{"start":{"line":48,"column":23},"end":{"line":68,"column":4}},"loc":{"start":{"line":48,"column":23},"end":{"line":68,"column":4}},"line":48},"5":{"name":"handleDownload","decl":{"start":{"line":70,"column":25},"end":{"line":78,"column":4}},"loc":{"start":{"line":70,"column":25},"end":{"line":78,"column":4}},"line":70},"6":{"name":"onChange","decl":{"start":{"line":110,"column":22},"end":{"line":110,"column":56}},"loc":{"start":{"line":110,"column":22},"end":{"line":110,"column":56}},"line":110},"7":{"name":"onClick","decl":{"start":{"line":122,"column":77},"end":{"line":122,"column":104}},"loc":{"start":{"line":122,"column":77},"end":{"line":122,"column":104}},"line":122},"8":{"name":"onClick","decl":{"start":{"line":123,"column":77},"end":{"line":123,"column":104}},"loc":{"start":{"line":123,"column":77},"end":{"line":123,"column":104}},"line":123}},"f":{"0":0,"1":1,"2":18,"3":1,"4":3,"5":0,"6":2,"7":0,"8":0}}
,"D:\\CAMP PROYECT\\DESARROLLO\\frontend\\src\\pages\\Login.jsx": {"path":"D:\\CAMP PROYECT\\DESARROLLO\\frontend\\src\\pages\\Login.jsx","all":false,"statementMap":{"0":{"start":{"line":1,"column":0},"end":{"line":1,"column":42}},"1":{"start":{"line":2,"column":0},"end":{"line":2,"column":54}},"2":{"start":{"line":3,"column":0},"end":{"line":3,"column":24}},"3":{"start":{"line":4,"column":0},"end":{"line":4,"column":49}},"4":{"start":{"line":5,"column":0},"end":{"line":5,"column":53}},"5":{"start":{"line":6,"column":0},"end":{"line":6,"column":50}},"7":{"start":{"line":8,"column":0},"end":{"line":8,"column":25}},"8":{"start":{"line":9,"column":0},"end":{"line":9,"column":44}},"9":{"start":{"line":10,"column":0},"end":{"line":10,"column":53}},"10":{"start":{"line":11,"column":0},"end":{"line":11,"column":3}},"12":{"start":{"line":13,"column":0},"end":{"line":13,"column":33}},"13":{"start":{"line":14,"column":0},"end":{"line":14,"column":30}},"14":{"start":{"line":15,"column":0},"end":{"line":15,"column":33}},"15":{"start":{"line":16,"column":0},"end":{"line":16,"column":73}},"16":{"start":{"line":17,"column":0},"end":{"line":17,"column":47}},"18":{"start":{"line":19,"column":0},"end":{"line":19,"column":38}},"19":{"start":{"line":20,"column":0},"end":{"line":20,"column":9}},"20":{"start":{"line":21,"column":0},"end":{"line":21,"column":49}},"21":{"start":{"line":22,"column":0},"end":{"line":22,"column":29}},"22":{"start":{"line":23,"column":0},"end":{"line":23,"column":19}},"23":{"start":{"line":24,"column":0},"end":{"line":24,"column":69}},"24":{"start":{"line":25,"column":0},"end":{"line":25,"column":5}},"25":{"start":{"line":26,"column":0},"end":{"line":26,"column":4}},"27":{"start":{"line":28,"column":0},"end":{"line":28,"column":10}},"28":{"start":{"line":29,"column":0},"end":{"line":29,"column":37}},"29":{"start":{"line":30,"column":0},"end":{"line":30,"column":29}},"30":{"start":{"line":31,"column":0},"end":{"line":31,"column":69}},"31":{"start":{"line":32,"column":0},"end":{"line":32,"column":60}},"32":{"start":{"line":33,"column":0},"end":{"line":33,"column":81}},"34":{"start":{"line":35,"column":0},"end":{"line":35,"column":116}},"36":{"start":{"line":37,"column":0},"end":{"line":37,"column":87}},"38":{"start":{"line":39,"column":0},"end":{"line":39,"column":55}},"39":{"start":{"line":40,"column":0},"end":{"line":40,"column":13}},"41":{"start":{"line":42,"column":0},"end":{"line":42,"column":35}},"42":{"start":{"line":43,"column":0},"end":{"line":43,"column":70}},"43":{"start":{"line":44,"column":0},"end":{"line":44,"column":10}},"44":{"start":{"line":45,"column":0},"end":{"line":45,"column":10}},"46":{"start":{"line":47,"column":0},"end":{"line":47,"column":1}}},"s":{"0":1,"1":1,"2":1,"3":1,"4":1,"5":1,"7":1,"8":1,"9":1,"10":1,"12":10,"13":10,"14":10,"15":10,"16":10,"18":10,"19":0,"20":0,"21":0,"22":0,"23":0,"24":0,"25":0,"27":10,"28":10,"29":10,"30":10,"31":10,"32":10,"34":10,"36":10,"38":10,"39":10,"41":10,"42":10,"43":10,"44":10,"46":10},"branchMap":{"0":{"type":"branch","line":13,"loc":{"start":{"line":13,"column":0},"end":{"line":47,"column":1}},"locations":[{"start":{"line":13,"column":0},"end":{"line":47,"column":1}}]},"1":{"type":"branch","line":33,"loc":{"start":{"line":33,"column":16},"end":{"line":33,"column":81}},"locations":[{"start":{"line":33,"column":16},"end":{"line":33,"column":81}}]},"2":{"type":"branch","line":37,"loc":{"start":{"line":37,"column":16},"end":{"line":37,"column":87}},"locations":[{"start":{"line":37,"column":16},"end":{"line":37,"column":87}}]}},"b":{"0":[10],"1":[0],"2":[0]},"fnMap":{"0":{"name":"Login","decl":{"start":{"line":13,"column":0},"end":{"line":47,"column":1}},"loc":{"start":{"line":13,"column":0},"end":{"line":47,"column":1}},"line":13},"1":{"name":"onSubmit","decl":{"start":{"line":19,"column":19},"end":{"line":26,"column":4}},"loc":{"start":{"line":19,"column":19},"end":{"line":26,"column":4}},"line":19}},"f":{"0":10,"1":0}}
,"D:\\CAMP PROYECT\\DESARROLLO\\frontend\\src\\pages\\Register.jsx": {"path":"D:\\CAMP PROYECT\\DESARROLLO\\frontend\\src\\pages\\Register.jsx","all":false,"statementMap":{"0":{"start":{"line":1,"column":0},"end":{"line":1,"column":40}},"1":{"start":{"line":2,"column":0},"end":{"line":2,"column":49}},"2":{"start":{"line":3,"column":0},"end":{"line":3,"column":47}},"4":{"start":{"line":5,"column":0},"end":{"line":5,"column":24}},"5":{"start":{"line":6,"column":0},"end":{"line":6,"column":48}},"6":{"start":{"line":7,"column":0},"end":{"line":7,"column":33}},"7":{"start":{"line":8,"column":0},"end":{"line":8,"column":39}},"8":{"start":{"line":9,"column":0},"end":{"line":9,"column":41}},"9":{"start":{"line":10,"column":0},"end":{"line":10,"column":47}},"11":{"start":{"line":12,"column":0},"end":{"line":12,"column":37}},"12":{"start":{"line":13,"column":0},"end":{"line":13,"column":23}},"13":{"start":{"line":14,"column":0},"end":{"line":14,"column":42}},"14":{"start":{"line":15,"column":0},"end":{"line":15,"column":27}},"15":{"start":{"line":16,"column":0},"end":{"line":16,"column":4}},"17":{"start":{"line":18,"column":0},"end":{"line":18,"column":10}},"18":{"start":{"line":19,"column":0},"end":{"line":19,"column":40}},"19":{"start":{"line":20,"column":0},"end":{"line":20,"column":23}},"20":{"start":{"line":21,"column":0},"end":{"line":21,"column":62}},"21":{"start":{"line":22,"column":0},"end":{"line":22,"column":13}},"22":{"start":{"line":23,"column":0},"end":{"line":23,"column":31}},"23":{"start":{"line":24,"column":0},"end":{"line":24,"column":16}},"24":{"start":{"line":25,"column":0},"end":{"line":25,"column":23}},"25":{"start":{"line":26,"column":0},"end":{"line":26,"column":32}},"26":{"start":{"line":27,"column":0},"end":{"line":27,"column":24}},"27":{"start":{"line":28,"column":0},"end":{"line":28,"column":53}},"28":{"start":{"line":29,"column":0},"end":{"line":29,"column":20}},"29":{"start":{"line":30,"column":0},"end":{"line":30,"column":12}},"30":{"start":{"line":31,"column":0},"end":{"line":31,"column":14}},"32":{"start":{"line":33,"column":0},"end":{"line":33,"column":13}},"33":{"start":{"line":34,"column":0},"end":{"line":34,"column":31}},"34":{"start":{"line":35,"column":0},"end":{"line":35,"column":16}},"35":{"start":{"line":36,"column":0},"end":{"line":36,"column":24}},"36":{"start":{"line":37,"column":0},"end":{"line":37,"column":31}},"37":{"start":{"line":38,"column":0},"end":{"line":38,"column":25}},"38":{"start":{"line":39,"column":0},"end":{"line":39,"column":54}},"39":{"start":{"line":40,"column":0},"end":{"line":40,"column":20}},"40":{"start":{"line":41,"column":0},"end":{"line":41,"column":12}},"41":{"start":{"line":42,"column":0},"end":{"line":42,"column":14}},"43":{"start":{"line":44,"column":0},"end":{"line":44,"column":13}},"44":{"start":{"line":45,"column":0},"end":{"line":45,"column":35}},"45":{"start":{"line":46,"column":0},"end":{"line":46,"column":16}},"46":{"start":{"line":47,"column":0},"end":{"line":47,"column":27}},"47":{"start":{"line":48,"column":0},"end":{"line":48,"column":36}},"48":{"start":{"line":49,"column":0},"end":{"line":49,"column":28}},"49":{"start":{"line":50,"column":0},"end":{"line":50,"column":57}},"50":{"start":{"line":51,"column":0},"end":{"line":51,"column":20}},"51":{"start":{"line":52,"column":0},"end":{"line":52,"column":12}},"52":{"start":{"line":53,"column":0},"end":{"line":53,"column":14}},"54":{"start":{"line":55,"column":0},"end":{"line":55,"column":50}},"55":{"start":{"line":56,"column":0},"end":{"line":56,"column":13}},"56":{"start":{"line":57,"column":0},"end":{"line":57,"column":10}},"58":{"start":{"line":59,"column":0},"end":{"line":59,"column":2}},"60":{"start":{"line":61,"column":0},"end":{"line":61,"column":24}}},"s":{"0":1,"1":1,"2":1,"4":1,"5":6,"6":6,"7":6,"8":6,"9":6,"11":6,"12":0,"13":0,"14":0,"15":0,"17":6,"18":6,"19":6,"20":6,"21":6,"22":6,"23":6,"24":6,"25":6,"26":6,"27":6,"28":6,"29":6,"30":6,"32":6,"33":6,"34":6,"35":6,"36":6,"37":6,"38":6,"39":6,"40":6,"41":6,"43":6,"44":6,"45":6,"46":6,"47":6,"48":6,"49":6,"50":6,"51":6,"52":6,"54":6,"55":6,"56":6,"58":6,"60":1},"branchMap":{"0":{"type":"branch","line":5,"loc":{"start":{"line":5,"column":17},"end":{"line":59,"column":2}},"locations":[{"start":{"line":5,"column":17},"end":{"line":59,"column":2}}]},"1":{"type":"branch","line":28,"loc":{"start":{"line":28,"column":22},"end":{"line":28,"column":53}},"locations":[{"start":{"line":28,"column":22},"end":{"line":28,"column":53}}]},"2":{"type":"branch","line":39,"loc":{"start":{"line":39,"column":22},"end":{"line":39,"column":54}},"locations":[{"start":{"line":39,"column":22},"end":{"line":39,"column":54}}]}},"b":{"0":[6],"1":[1],"2":[1]},"fnMap":{"0":{"name":"Register","decl":{"start":{"line":5,"column":17},"end":{"line":59,"column":2}},"loc":{"start":{"line":5,"column":17},"end":{"line":59,"column":2}},"line":5},"1":{"name":"handleSubmit","decl":{"start":{"line":12,"column":23},"end":{"line":16,"column":4}},"loc":{"start":{"line":12,"column":23},"end":{"line":16,"column":4}},"line":12},"2":{"name":"onChange","decl":{"start":{"line":28,"column":22},"end":{"line":28,"column":53}},"loc":{"start":{"line":28,"column":22},"end":{"line":28,"column":53}},"line":28},"3":{"name":"onChange","decl":{"start":{"line":39,"column":22},"end":{"line":39,"column":54}},"loc":{"start":{"line":39,"column":22},"end":{"line":39,"column":54}},"line":39},"4":{"name":"onChange","decl":{"start":{"line":50,"column":22},"end":{"line":50,"column":57}},"loc":{"start":{"line":50,"column":22},"end":{"line":50,"column":57}},"line":50}},"f":{"0":6,"1":0,"2":1,"3":1,"4":0}}
,"D:\\CAMP PROYECT\\DESARROLLO\\frontend\\src\\services\\api.js": {"path":"D:\\CAMP PROYECT\\DESARROLLO\\frontend\\src\\services\\api.js","all":false,"statementMap":{"0":{"start":{"line":1,"column":0},"end":{"line":1,"column":26}},"1":{"start":{"line":2,"column":0},"end":{"line":2,"column":0}},"2":{"start":{"line":3,"column":0},"end":{"line":3,"column":77}},"3":{"start":{"line":4,"column":0},"end":{"line":4,"column":0}},"4":{"start":{"line":5,"column":0},"end":{"line":5,"column":33}},"5":{"start":{"line":6,"column":0},"end":{"line":6,"column":20}},"6":{"start":{"line":7,"column":0},"end":{"line":7,"column":54}},"7":{"start":{"line":8,"column":0},"end":{"line":8,"column":3}},"8":{"start":{"line":9,"column":0},"end":{"line":9,"column":0}},"9":{"start":{"line":10,"column":0},"end":{"line":10,"column":50}},"10":{"start":{"line":11,"column":0},"end":{"line":11,"column":37}},"11":{"start":{"line":12,"column":0},"end":{"line":12,"column":14}},"12":{"start":{"line":13,"column":0},"end":{"line":13,"column":69}},"13":{"start":{"line":14,"column":0},"end":{"line":14,"column":41}},"14":{"start":{"line":15,"column":0},"end":{"line":15,"column":10}},"15":{"start":{"line":16,"column":0},"end":{"line":16,"column":56}},"16":{"start":{"line":17,"column":0},"end":{"line":17,"column":37}},"17":{"start":{"line":18,"column":0},"end":{"line":18,"column":3}},"18":{"start":{"line":19,"column":0},"end":{"line":19,"column":1}},"19":{"start":{"line":20,"column":0},"end":{"line":20,"column":0}},"20":{"start":{"line":21,"column":0},"end":{"line":21,"column":53}},"21":{"start":{"line":22,"column":0},"end":{"line":22,"column":44}},"22":{"start":{"line":23,"column":0},"end":{"line":23,"column":12}},"23":{"start":{"line":24,"column":0},"end":{"line":24,"column":67}},"24":{"start":{"line":25,"column":0},"end":{"line":25,"column":1}},"25":{"start":{"line":26,"column":0},"end":{"line":26,"column":0}},"26":{"start":{"line":27,"column":0},"end":{"line":27,"column":19}}},"s":{"0":1,"1":1,"2":1,"3":1,"4":1,"5":1,"6":1,"7":1,"8":1,"9":1,"10":1,"11":0,"12":0,"13":0,"14":0,"15":0,"16":0,"17":0,"18":0,"19":1,"20":1,"21":1,"22":1,"23":0,"24":0,"25":1,"26":1},"branchMap":{"0":{"type":"branch","line":23,"loc":{"start":{"line":23,"column":11},"end":{"line":25,"column":1}},"locations":[{"start":{"line":23,"column":11},"end":{"line":25,"column":1}}]}},"b":{"0":[0]},"fnMap":{"0":{"name":"setAuthToken","decl":{"start":{"line":11,"column":7},"end":{"line":19,"column":1}},"loc":{"start":{"line":11,"column":7},"end":{"line":19,"column":1}},"line":11}},"f":{"0":0}}
}
