{"D:\\CAMP PROYECT\\DESARROLLO\\frontend\\jest.setup.js": {"path":"D:\\CAMP PROYECT\\DESARROLLO\\frontend\\jest.setup.js","all":true,"statementMap":{"0":{"start":{"line":1,"column":0},"end":{"line":1,"column":48}},"1":{"start":{"line":2,"column":0},"end":{"line":2,"column":0}},"2":{"start":{"line":3,"column":0},"end":{"line":3,"column":48}},"3":{"start":{"line":4,"column":0},"end":{"line":4,"column":35}},"4":{"start":{"line":5,"column":0},"end":{"line":5,"column":1}},"5":{"start":{"line":6,"column":0},"end":{"line":6,"column":0}},"6":{"start":{"line":7,"column":0},"end":{"line":7,"column":48}},"7":{"start":{"line":8,"column":0},"end":{"line":8,"column":35}},"8":{"start":{"line":9,"column":0},"end":{"line":9,"column":1}}},"s":{"0":0,"1":0,"2":0,"3":0,"4":0,"5":0,"6":0,"7":0,"8":0},"branchMap":{"0":{"type":"branch","line":1,"loc":{"start":{"line":1,"column":0},"end":{"line":9,"column":1}},"locations":[{"start":{"line":1,"column":0},"end":{"line":9,"column":1}}]}},"b":{"0":[0]},"fnMap":{"0":{"name":"(empty-report)","decl":{"start":{"line":1,"column":0},"end":{"line":9,"column":1}},"loc":{"start":{"line":1,"column":0},"end":{"line":9,"column":1}},"line":1}},"f":{"0":0}}
,"D:\\CAMP PROYECT\\DESARROLLO\\frontend\\setupTests.js": {"path":"D:\\CAMP PROYECT\\DESARROLLO\\frontend\\setupTests.js","all":true,"statementMap":{"0":{"start":{"line":1,"column":0},"end":{"line":1,"column":35}}},"s":{"0":0},"branchMap":{"0":{"type":"branch","line":1,"loc":{"start":{"line":1,"column":0},"end":{"line":1,"column":35}},"locations":[{"start":{"line":1,"column":0},"end":{"line":1,"column":35}}]}},"b":{"0":[0]},"fnMap":{"0":{"name":"(empty-report)","decl":{"start":{"line":1,"column":0},"end":{"line":1,"column":35}},"loc":{"start":{"line":1,"column":0},"end":{"line":1,"column":35}},"line":1}},"f":{"0":0}}
,"D:\\CAMP PROYECT\\DESARROLLO\\frontend\\src\\App.jsx": {"path":"D:\\CAMP PROYECT\\DESARROLLO\\frontend\\src\\App.jsx","all":false,"statementMap":{"0":{"start":{"line":1,"column":0},"end":{"line":1,"column":55}},"2":{"start":{"line":3,"column":0},"end":{"line":3,"column":64}},"3":{"start":{"line":4,"column":0},"end":{"line":4,"column":49}},"5":{"start":{"line":6,"column":0},"end":{"line":6,"column":34}},"6":{"start":{"line":7,"column":0},"end":{"line":7,"column":40}},"7":{"start":{"line":8,"column":0},"end":{"line":8,"column":42}},"8":{"start":{"line":9,"column":0},"end":{"line":9,"column":57}},"10":{"start":{"line":11,"column":0},"end":{"line":11,"column":38}},"11":{"start":{"line":12,"column":0},"end":{"line":12,"column":50}},"13":{"start":{"line":14,"column":0},"end":{"line":14,"column":52}},"14":{"start":{"line":15,"column":0},"end":{"line":15,"column":62}},"15":{"start":{"line":16,"column":0},"end":{"line":16,"column":49}},"17":{"start":{"line":18,"column":0},"end":{"line":18,"column":41}},"20":{"start":{"line":21,"column":0},"end":{"line":21,"column":31}},"23":{"start":{"line":24,"column":0},"end":{"line":24,"column":10}},"24":{"start":{"line":25,"column":0},"end":{"line":25,"column":18}},"25":{"start":{"line":26,"column":0},"end":{"line":26,"column":21}},"27":{"start":{"line":28,"column":0},"end":{"line":28,"column":18}},"29":{"start":{"line":30,"column":0},"end":{"line":30,"column":16}},"31":{"start":{"line":32,"column":0},"end":{"line":32,"column":53}},"32":{"start":{"line":33,"column":0},"end":{"line":33,"column":59}},"34":{"start":{"line":35,"column":0},"end":{"line":35,"column":17}},"35":{"start":{"line":36,"column":0},"end":{"line":36,"column":21}},"36":{"start":{"line":37,"column":0},"end":{"line":37,"column":21}},"37":{"start":{"line":38,"column":0},"end":{"line":38,"column":30}},"38":{"start":{"line":39,"column":0},"end":{"line":39,"column":29}},"39":{"start":{"line":40,"column":0},"end":{"line":40,"column":31}},"41":{"start":{"line":42,"column":0},"end":{"line":42,"column":12}},"43":{"start":{"line":44,"column":0},"end":{"line":44,"column":17}},"44":{"start":{"line":45,"column":0},"end":{"line":45,"column":30}},"45":{"start":{"line":46,"column":0},"end":{"line":46,"column":21}},"46":{"start":{"line":47,"column":0},"end":{"line":47,"column":30}},"47":{"start":{"line":48,"column":0},"end":{"line":48,"column":29}},"48":{"start":{"line":49,"column":0},"end":{"line":49,"column":31}},"50":{"start":{"line":51,"column":0},"end":{"line":51,"column":12}},"52":{"start":{"line":53,"column":0},"end":{"line":53,"column":17}},"53":{"start":{"line":54,"column":0},"end":{"line":54,"column":28}},"54":{"start":{"line":55,"column":0},"end":{"line":55,"column":21}},"55":{"start":{"line":56,"column":0},"end":{"line":56,"column":30}},"56":{"start":{"line":57,"column":0},"end":{"line":57,"column":27}},"57":{"start":{"line":58,"column":0},"end":{"line":58,"column":31}},"59":{"start":{"line":60,"column":0},"end":{"line":60,"column":12}},"61":{"start":{"line":62,"column":0},"end":{"line":62,"column":17}},"62":{"start":{"line":63,"column":0},"end":{"line":63,"column":32}},"63":{"start":{"line":64,"column":0},"end":{"line":64,"column":21}},"64":{"start":{"line":65,"column":0},"end":{"line":65,"column":30}},"65":{"start":{"line":66,"column":0},"end":{"line":66,"column":33}},"66":{"start":{"line":67,"column":0},"end":{"line":67,"column":31}},"68":{"start":{"line":69,"column":0},"end":{"line":69,"column":12}},"70":{"start":{"line":71,"column":0},"end":{"line":71,"column":16}},"71":{"start":{"line":72,"column":0},"end":{"line":72,"column":25}},"72":{"start":{"line":73,"column":0},"end":{"line":73,"column":21}},"73":{"start":{"line":74,"column":0},"end":{"line":74,"column":26}},"74":{"start":{"line":75,"column":0},"end":{"line":75,"column":34}},"75":{"start":{"line":76,"column":0},"end":{"line":76,"column":27}},"77":{"start":{"line":78,"column":0},"end":{"line":78,"column":12}},"79":{"start":{"line":80,"column":0},"end":{"line":80,"column":16}},"80":{"start":{"line":81,"column":0},"end":{"line":81,"column":37}},"81":{"start":{"line":82,"column":0},"end":{"line":82,"column":21}},"82":{"start":{"line":83,"column":0},"end":{"line":83,"column":26}},"83":{"start":{"line":84,"column":0},"end":{"line":84,"column":39}},"84":{"start":{"line":85,"column":0},"end":{"line":85,"column":27}},"86":{"start":{"line":87,"column":0},"end":{"line":87,"column":12}},"88":{"start":{"line":89,"column":0},"end":{"line":89,"column":17}},"89":{"start":{"line":90,"column":0},"end":{"line":90,"column":22}},"90":{"start":{"line":91,"column":0},"end":{"line":91,"column":19}},"92":{"start":{"line":93,"column":0},"end":{"line":93,"column":1}}},"s":{"0":1,"2":1,"3":1,"5":1,"6":1,"7":1,"8":1,"10":1,"11":1,"13":1,"14":1,"15":1,"17":1,"20":1,"23":1,"24":1,"25":1,"27":1,"29":1,"31":1,"32":1,"34":1,"35":1,"36":1,"37":1,"38":1,"39":1,"41":1,"43":1,"44":1,"45":1,"46":1,"47":1,"48":1,"50":1,"52":1,"53":1,"54":1,"55":1,"56":1,"57":1,"59":1,"61":1,"62":1,"63":1,"64":1,"65":1,"66":1,"68":1,"70":1,"71":1,"72":1,"73":1,"74":1,"75":1,"77":1,"79":1,"80":1,"81":1,"82":1,"83":1,"84":1,"86":1,"88":1,"89":1,"90":1,"92":1},"branchMap":{"0":{"type":"branch","line":21,"loc":{"start":{"line":21,"column":0},"end":{"line":93,"column":1}},"locations":[{"start":{"line":21,"column":0},"end":{"line":93,"column":1}}]}},"b":{"0":[1]},"fnMap":{"0":{"name":"App","decl":{"start":{"line":21,"column":0},"end":{"line":93,"column":1}},"loc":{"start":{"line":21,"column":0},"end":{"line":93,"column":1}},"line":21}},"f":{"0":1}}
,"D:\\CAMP PROYECT\\DESARROLLO\\frontend\\src\\main.jsx": {"path":"D:\\CAMP PROYECT\\DESARROLLO\\frontend\\src\\main.jsx","all":true,"statementMap":{"0":{"start":{"line":1,"column":0},"end":{"line":1,"column":34}},"1":{"start":{"line":2,"column":0},"end":{"line":2,"column":45}},"2":{"start":{"line":3,"column":0},"end":{"line":3,"column":20}},"3":{"start":{"line":4,"column":0},"end":{"line":4,"column":27}},"4":{"start":{"line":5,"column":0},"end":{"line":5,"column":0}},"5":{"start":{"line":6,"column":0},"end":{"line":6,"column":51}},"6":{"start":{"line":7,"column":0},"end":{"line":7,"column":14}},"7":{"start":{"line":8,"column":0},"end":{"line":8,"column":11}},"8":{"start":{"line":9,"column":0},"end":{"line":9,"column":16}},"9":{"start":{"line":10,"column":0},"end":{"line":10,"column":1}}},"s":{"0":0,"1":0,"2":0,"3":0,"4":0,"5":0,"6":0,"7":0,"8":0,"9":0},"branchMap":{"0":{"type":"branch","line":1,"loc":{"start":{"line":1,"column":0},"end":{"line":10,"column":1}},"locations":[{"start":{"line":1,"column":0},"end":{"line":10,"column":1}}]}},"b":{"0":[0]},"fnMap":{"0":{"name":"(empty-report)","decl":{"start":{"line":1,"column":0},"end":{"line":10,"column":1}},"loc":{"start":{"line":1,"column":0},"end":{"line":10,"column":1}},"line":1}},"f":{"0":0}}
,"D:\\CAMP PROYECT\\DESARROLLO\\frontend\\src\\__mocks__\\AuthContext.js": {"path":"D:\\CAMP PROYECT\\DESARROLLO\\frontend\\src\\__mocks__\\AuthContext.js","all":true,"statementMap":{"0":{"start":{"line":1,"column":0},"end":{"line":1,"column":28}},"1":{"start":{"line":2,"column":0},"end":{"line":2,"column":26}},"2":{"start":{"line":3,"column":0},"end":{"line":3,"column":0}},"3":{"start":{"line":4,"column":0},"end":{"line":4,"column":33}},"4":{"start":{"line":5,"column":0},"end":{"line":5,"column":49}},"5":{"start":{"line":6,"column":0},"end":{"line":6,"column":0}},"6":{"start":{"line":7,"column":0},"end":{"line":7,"column":18}},"7":{"start":{"line":8,"column":0},"end":{"line":8,"column":31}},"8":{"start":{"line":9,"column":0},"end":{"line":9,"column":33}},"9":{"start":{"line":10,"column":0},"end":{"line":10,"column":17}},"10":{"start":{"line":11,"column":0},"end":{"line":11,"column":18}},"11":{"start":{"line":12,"column":0},"end":{"line":12,"column":20}},"12":{"start":{"line":13,"column":0},"end":{"line":13,"column":3}}},"s":{"0":0,"1":0,"2":0,"3":0,"4":0,"5":0,"6":0,"7":0,"8":0,"9":0,"10":0,"11":0,"12":0},"branchMap":{"0":{"type":"branch","line":1,"loc":{"start":{"line":1,"column":0},"end":{"line":13,"column":3}},"locations":[{"start":{"line":1,"column":0},"end":{"line":13,"column":3}}]}},"b":{"0":[0]},"fnMap":{"0":{"name":"(empty-report)","decl":{"start":{"line":1,"column":0},"end":{"line":13,"column":3}},"loc":{"start":{"line":1,"column":0},"end":{"line":13,"column":3}},"line":1}},"f":{"0":0}}
,"D:\\CAMP PROYECT\\DESARROLLO\\frontend\\src\\__mocks__\\useAuth.js": {"path":"D:\\CAMP PROYECT\\DESARROLLO\\frontend\\src\\__mocks__\\useAuth.js","all":true,"statementMap":{"0":{"start":{"line":1,"column":0},"end":{"line":1,"column":31}},"1":{"start":{"line":2,"column":0},"end":{"line":2,"column":64}},"2":{"start":{"line":3,"column":0},"end":{"line":3,"column":67}},"3":{"start":{"line":4,"column":0},"end":{"line":4,"column":18}},"4":{"start":{"line":5,"column":0},"end":{"line":5,"column":33}},"5":{"start":{"line":6,"column":0},"end":{"line":6,"column":3}}},"s":{"0":0,"1":0,"2":0,"3":0,"4":0,"5":0},"branchMap":{"0":{"type":"branch","line":1,"loc":{"start":{"line":1,"column":0},"end":{"line":6,"column":3}},"locations":[{"start":{"line":1,"column":0},"end":{"line":6,"column":3}}]}},"b":{"0":[0]},"fnMap":{"0":{"name":"(empty-report)","decl":{"start":{"line":1,"column":0},"end":{"line":6,"column":3}},"loc":{"start":{"line":1,"column":0},"end":{"line":6,"column":3}},"line":1}},"f":{"0":0}}
,"D:\\CAMP PROYECT\\DESARROLLO\\frontend\\src\\components\\AdminRoute.jsx": {"path":"D:\\CAMP PROYECT\\DESARROLLO\\frontend\\src\\components\\AdminRoute.jsx","all":false,"statementMap":{"0":{"start":{"line":1,"column":0},"end":{"line":1,"column":49}},"1":{"start":{"line":2,"column":0},"end":{"line":2,"column":44}},"3":{"start":{"line":4,"column":0},"end":{"line":4,"column":50}},"4":{"start":{"line":5,"column":0},"end":{"line":5,"column":38}},"6":{"start":{"line":7,"column":0},"end":{"line":7,"column":45}},"8":{"start":{"line":9,"column":0},"end":{"line":9,"column":45}},"10":{"start":{"line":11,"column":0},"end":{"line":11,"column":65}},"12":{"start":{"line":13,"column":0},"end":{"line":13,"column":18}},"13":{"start":{"line":14,"column":0},"end":{"line":14,"column":1}}},"s":{"0":1,"1":1,"3":0,"4":0,"6":0,"8":0,"10":0,"12":0,"13":0},"branchMap":{},"b":{},"fnMap":{"0":{"name":"AdminRoute","decl":{"start":{"line":4,"column":0},"end":{"line":14,"column":1}},"loc":{"start":{"line":4,"column":0},"end":{"line":14,"column":1}},"line":4}},"f":{"0":0}}
,"D:\\CAMP PROYECT\\DESARROLLO\\frontend\\src\\components\\Navbar.jsx": {"path":"D:\\CAMP PROYECT\\DESARROLLO\\frontend\\src\\components\\Navbar.jsx","all":false,"statementMap":{"0":{"start":{"line":1,"column":0},"end":{"line":1,"column":53}},"1":{"start":{"line":2,"column":0},"end":{"line":2,"column":49}},"2":{"start":{"line":3,"column":0},"end":{"line":3,"column":22}},"4":{"start":{"line":5,"column":0},"end":{"line":5,"column":34}},"5":{"start":{"line":6,"column":0},"end":{"line":6,"column":37}},"6":{"start":{"line":7,"column":0},"end":{"line":7,"column":33}},"8":{"start":{"line":9,"column":0},"end":{"line":9,"column":36}},"9":{"start":{"line":10,"column":0},"end":{"line":10,"column":19}},"10":{"start":{"line":11,"column":0},"end":{"line":11,"column":23}},"11":{"start":{"line":12,"column":0},"end":{"line":12,"column":4}},"13":{"start":{"line":14,"column":0},"end":{"line":14,"column":10}},"14":{"start":{"line":15,"column":0},"end":{"line":15,"column":45}},"16":{"start":{"line":17,"column":0},"end":{"line":17,"column":38}},"19":{"start":{"line":20,"column":0},"end":{"line":20,"column":45}},"21":{"start":{"line":22,"column":0},"end":{"line":22,"column":15}},"24":{"start":{"line":25,"column":0},"end":{"line":25,"column":38}},"25":{"start":{"line":26,"column":0},"end":{"line":26,"column":48}},"26":{"start":{"line":27,"column":0},"end":{"line":27,"column":46}},"29":{"start":{"line":30,"column":0},"end":{"line":30,"column":38}},"30":{"start":{"line":31,"column":0},"end":{"line":31,"column":42}},"33":{"start":{"line":34,"column":0},"end":{"line":34,"column":64}},"35":{"start":{"line":36,"column":0},"end":{"line":36,"column":19}},"36":{"start":{"line":37,"column":0},"end":{"line":37,"column":14}},"38":{"start":{"line":39,"column":0},"end":{"line":39,"column":12}},"39":{"start":{"line":40,"column":0},"end":{"line":40,"column":10}},"41":{"start":{"line":42,"column":0},"end":{"line":42,"column":1}}},"s":{"0":1,"1":1,"2":1,"4":3,"5":3,"6":3,"8":3,"9":0,"10":0,"11":0,"13":3,"14":3,"16":3,"19":3,"21":3,"24":3,"25":3,"26":3,"29":3,"30":0,"33":3,"35":3,"36":3,"38":3,"39":3,"41":3},"branchMap":{"0":{"type":"branch","line":5,"loc":{"start":{"line":5,"column":0},"end":{"line":42,"column":1}},"locations":[{"start":{"line":5,"column":0},"end":{"line":42,"column":1}}]},"1":{"type":"branch","line":30,"loc":{"start":{"line":30,"column":11},"end":{"line":30,"column":26}},"locations":[{"start":{"line":30,"column":11},"end":{"line":30,"column":26}}]},"2":{"type":"branch","line":30,"loc":{"start":{"line":30,"column":26},"end":{"line":31,"column":42}},"locations":[{"start":{"line":30,"column":26},"end":{"line":31,"column":42}}]}},"b":{"0":[3],"1":[0],"2":[0]},"fnMap":{"0":{"name":"Navbar","decl":{"start":{"line":5,"column":0},"end":{"line":42,"column":1}},"loc":{"start":{"line":5,"column":0},"end":{"line":42,"column":1}},"line":5},"1":{"name":"handleLogout","decl":{"start":{"line":9,"column":23},"end":{"line":12,"column":4}},"loc":{"start":{"line":9,"column":23},"end":{"line":12,"column":4}},"line":9}},"f":{"0":3,"1":0}}
,"D:\\CAMP PROYECT\\DESARROLLO\\frontend\\src\\components\\ProtectedRoute.jsx": {"path":"D:\\CAMP PROYECT\\DESARROLLO\\frontend\\src\\components\\ProtectedRoute.jsx","all":false,"statementMap":{"0":{"start":{"line":1,"column":0},"end":{"line":1,"column":44}},"1":{"start":{"line":2,"column":0},"end":{"line":2,"column":49}},"3":{"start":{"line":4,"column":0},"end":{"line":4,"column":54}},"4":{"start":{"line":5,"column":0},"end":{"line":5,"column":38}},"5":{"start":{"line":6,"column":0},"end":{"line":6,"column":41}},"6":{"start":{"line":7,"column":0},"end":{"line":7,"column":60}},"7":{"start":{"line":8,"column":0},"end":{"line":8,"column":1}}},"s":{"0":1,"1":1,"3":2,"4":2,"5":2,"6":2,"7":2},"branchMap":{"0":{"type":"branch","line":4,"loc":{"start":{"line":4,"column":0},"end":{"line":8,"column":1}},"locations":[{"start":{"line":4,"column":0},"end":{"line":8,"column":1}}]},"1":{"type":"branch","line":6,"loc":{"start":{"line":6,"column":15},"end":{"line":7,"column":16}},"locations":[{"start":{"line":6,"column":15},"end":{"line":7,"column":16}}]},"2":{"type":"branch","line":7,"loc":{"start":{"line":7,"column":9},"end":{"line":7,"column":27}},"locations":[{"start":{"line":7,"column":9},"end":{"line":7,"column":27}}]},"3":{"type":"branch","line":7,"loc":{"start":{"line":7,"column":16},"end":{"line":7,"column":60}},"locations":[{"start":{"line":7,"column":16},"end":{"line":7,"column":60}}]}},"b":{"0":[2],"1":[1],"2":[0],"3":[1]},"fnMap":{"0":{"name":"ProtectedRoute","decl":{"start":{"line":4,"column":0},"end":{"line":8,"column":1}},"loc":{"start":{"line":4,"column":0},"end":{"line":8,"column":1}},"line":4}},"f":{"0":2}}
,"D:\\CAMP PROYECT\\DESARROLLO\\frontend\\src\\context\\AuthContext.jsx": {"path":"D:\\CAMP PROYECT\\DESARROLLO\\frontend\\src\\context\\AuthContext.jsx","all":false,"statementMap":{"0":{"start":{"line":1,"column":0},"end":{"line":1,"column":86}},"1":{"start":{"line":2,"column":0},"end":{"line":2,"column":52}},"3":{"start":{"line":4,"column":0},"end":{"line":4,"column":43}},"4":{"start":{"line":5,"column":0},"end":{"line":5,"column":49}},"6":{"start":{"line":7,"column":0},"end":{"line":7,"column":52}},"7":{"start":{"line":8,"column":0},"end":{"line":8,"column":41}},"8":{"start":{"line":9,"column":0},"end":{"line":9,"column":47}},"9":{"start":{"line":10,"column":0},"end":{"line":10,"column":45}},"10":{"start":{"line":11,"column":0},"end":{"line":11,"column":32}},"12":{"start":{"line":13,"column":0},"end":{"line":13,"column":19}},"13":{"start":{"line":14,"column":0},"end":{"line":14,"column":18}},"14":{"start":{"line":15,"column":0},"end":{"line":15,"column":11}},"15":{"start":{"line":16,"column":0},"end":{"line":16,"column":52}},"16":{"start":{"line":17,"column":0},"end":{"line":17,"column":55}},"18":{"start":{"line":19,"column":0},"end":{"line":19,"column":33}},"19":{"start":{"line":20,"column":0},"end":{"line":20,"column":30}},"21":{"start":{"line":22,"column":0},"end":{"line":22,"column":58}},"24":{"start":{"line":25,"column":0},"end":{"line":25,"column":28}},"25":{"start":{"line":26,"column":0},"end":{"line":26,"column":25}},"26":{"start":{"line":27,"column":0},"end":{"line":27,"column":18}},"27":{"start":{"line":28,"column":0},"end":{"line":28,"column":12}},"29":{"start":{"line":30,"column":0},"end":{"line":30,"column":28}},"30":{"start":{"line":31,"column":0},"end":{"line":31,"column":65}},"31":{"start":{"line":32,"column":0},"end":{"line":32,"column":9}},"32":{"start":{"line":33,"column":0},"end":{"line":33,"column":21}},"33":{"start":{"line":34,"column":0},"end":{"line":34,"column":46}},"34":{"start":{"line":35,"column":0},"end":{"line":35,"column":22}},"35":{"start":{"line":36,"column":0},"end":{"line":36,"column":17}},"36":{"start":{"line":37,"column":0},"end":{"line":37,"column":26}},"37":{"start":{"line":38,"column":0},"end":{"line":38,"column":7}},"38":{"start":{"line":39,"column":0},"end":{"line":39,"column":9}},"39":{"start":{"line":40,"column":0},"end":{"line":40,"column":9}},"42":{"start":{"line":43,"column":0},"end":{"line":43,"column":44}},"43":{"start":{"line":44,"column":0},"end":{"line":44,"column":72}},"45":{"start":{"line":46,"column":0},"end":{"line":46,"column":22}},"46":{"start":{"line":47,"column":0},"end":{"line":47,"column":19}},"47":{"start":{"line":48,"column":0},"end":{"line":48,"column":24}},"48":{"start":{"line":49,"column":0},"end":{"line":49,"column":6}},"50":{"start":{"line":51,"column":0},"end":{"line":51,"column":29}},"51":{"start":{"line":52,"column":0},"end":{"line":52,"column":22}},"53":{"start":{"line":54,"column":0},"end":{"line":54,"column":59}},"54":{"start":{"line":55,"column":0},"end":{"line":55,"column":46}},"56":{"start":{"line":57,"column":0},"end":{"line":57,"column":20}},"57":{"start":{"line":58,"column":0},"end":{"line":58,"column":4}},"60":{"start":{"line":61,"column":0},"end":{"line":61,"column":53}},"61":{"start":{"line":62,"column":0},"end":{"line":62,"column":81}},"63":{"start":{"line":64,"column":0},"end":{"line":64,"column":22}},"64":{"start":{"line":65,"column":0},"end":{"line":65,"column":19}},"65":{"start":{"line":66,"column":0},"end":{"line":66,"column":24}},"66":{"start":{"line":67,"column":0},"end":{"line":67,"column":6}},"68":{"start":{"line":69,"column":0},"end":{"line":69,"column":29}},"69":{"start":{"line":70,"column":0},"end":{"line":70,"column":22}},"71":{"start":{"line":72,"column":0},"end":{"line":72,"column":59}},"72":{"start":{"line":73,"column":0},"end":{"line":73,"column":46}},"74":{"start":{"line":75,"column":0},"end":{"line":75,"column":20}},"75":{"start":{"line":76,"column":0},"end":{"line":76,"column":4}},"78":{"start":{"line":79,"column":0},"end":{"line":79,"column":30}},"79":{"start":{"line":80,"column":0},"end":{"line":80,"column":9}},"80":{"start":{"line":81,"column":0},"end":{"line":81,"column":37}},"81":{"start":{"line":82,"column":0},"end":{"line":82,"column":19}},"82":{"start":{"line":83,"column":0},"end":{"line":83,"column":49}},"83":{"start":{"line":84,"column":0},"end":{"line":84,"column":15}},"84":{"start":{"line":85,"column":0},"end":{"line":85,"column":20}},"85":{"start":{"line":86,"column":0},"end":{"line":86,"column":25}},"86":{"start":{"line":87,"column":0},"end":{"line":87,"column":38}},"87":{"start":{"line":88,"column":0},"end":{"line":88,"column":39}},"89":{"start":{"line":90,"column":0},"end":{"line":90,"column":5}},"90":{"start":{"line":91,"column":0},"end":{"line":91,"column":4}},"93":{"start":{"line":94,"column":0},"end":{"line":94,"column":28}},"94":{"start":{"line":95,"column":0},"end":{"line":95,"column":35}},"95":{"start":{"line":96,"column":0},"end":{"line":96,"column":41}},"96":{"start":{"line":97,"column":0},"end":{"line":97,"column":15}},"97":{"start":{"line":98,"column":0},"end":{"line":98,"column":49}},"98":{"start":{"line":99,"column":0},"end":{"line":99,"column":23}},"99":{"start":{"line":100,"column":0},"end":{"line":100,"column":4}},"101":{"start":{"line":102,"column":0},"end":{"line":102,"column":19}},"102":{"start":{"line":103,"column":0},"end":{"line":103,"column":15}},"103":{"start":{"line":104,"column":0},"end":{"line":104,"column":65}},"104":{"start":{"line":105,"column":0},"end":{"line":105,"column":70}},"105":{"start":{"line":106,"column":0},"end":{"line":106,"column":19}},"106":{"start":{"line":107,"column":0},"end":{"line":107,"column":20}},"107":{"start":{"line":108,"column":0},"end":{"line":108,"column":75}},"108":{"start":{"line":109,"column":0},"end":{"line":109,"column":39}},"109":{"start":{"line":110,"column":0},"end":{"line":110,"column":8}},"110":{"start":{"line":111,"column":0},"end":{"line":111,"column":5}},"111":{"start":{"line":112,"column":0},"end":{"line":112,"column":13}},"113":{"start":{"line":114,"column":0},"end":{"line":114,"column":10}},"114":{"start":{"line":115,"column":0},"end":{"line":115,"column":73}},"115":{"start":{"line":116,"column":0},"end":{"line":116,"column":16}},"116":{"start":{"line":117,"column":0},"end":{"line":117,"column":23}},"118":{"start":{"line":119,"column":0},"end":{"line":119,"column":1}}},"s":{"0":1,"1":1,"3":1,"4":1,"6":12,"7":12,"8":12,"9":12,"10":12,"12":12,"13":5,"14":5,"15":5,"16":5,"18":5,"19":1,"21":1,"24":1,"25":1,"26":1,"27":1,"29":1,"30":1,"31":1,"32":5,"33":1,"34":1,"35":5,"36":5,"37":5,"38":5,"39":12,"42":12,"43":3,"45":3,"46":3,"47":3,"48":3,"50":3,"51":3,"53":3,"54":3,"56":3,"57":3,"60":12,"61":0,"63":0,"64":0,"65":0,"66":0,"68":0,"69":0,"71":0,"72":0,"74":0,"75":0,"78":12,"79":1,"80":1,"81":1,"82":0,"83":1,"84":1,"85":1,"86":1,"87":1,"89":1,"90":1,"93":12,"94":2,"95":2,"96":0,"97":0,"98":2,"99":2,"101":12,"102":7,"103":2,"104":2,"105":2,"106":2,"107":2,"108":2,"109":2,"110":2,"111":12,"113":12,"114":12,"115":12,"116":12,"118":12},"branchMap":{"0":{"type":"branch","line":5,"loc":{"start":{"line":5,"column":23},"end":{"line":5,"column":49}},"locations":[{"start":{"line":5,"column":23},"end":{"line":5,"column":49}}]},"1":{"type":"branch","line":7,"loc":{"start":{"line":7,"column":0},"end":{"line":119,"column":1}},"locations":[{"start":{"line":7,"column":0},"end":{"line":119,"column":1}}]},"2":{"type":"branch","line":13,"loc":{"start":{"line":13,"column":12},"end":{"line":40,"column":5}},"locations":[{"start":{"line":13,"column":12},"end":{"line":40,"column":5}}]},"3":{"type":"branch","line":14,"loc":{"start":{"line":14,"column":5},"end":{"line":39,"column":7}},"locations":[{"start":{"line":14,"column":5},"end":{"line":39,"column":7}}]},"4":{"type":"branch","line":19,"loc":{"start":{"line":19,"column":12},"end":{"line":19,"column":32}},"locations":[{"start":{"line":19,"column":12},"end":{"line":19,"column":32}}]},"5":{"type":"branch","line":19,"loc":{"start":{"line":19,"column":32},"end":{"line":32,"column":9}},"locations":[{"start":{"line":19,"column":32},"end":{"line":32,"column":9}}]},"6":{"type":"branch","line":33,"loc":{"start":{"line":33,"column":6},"end":{"line":36,"column":8}},"locations":[{"start":{"line":33,"column":6},"end":{"line":36,"column":8}}]},"7":{"type":"branch","line":43,"loc":{"start":{"line":43,"column":16},"end":{"line":58,"column":4}},"locations":[{"start":{"line":43,"column":16},"end":{"line":58,"column":4}}]},"8":{"type":"branch","line":79,"loc":{"start":{"line":79,"column":17},"end":{"line":91,"column":4}},"locations":[{"start":{"line":79,"column":17},"end":{"line":91,"column":4}}]},"9":{"type":"branch","line":82,"loc":{"start":{"line":82,"column":4},"end":{"line":84,"column":6}},"locations":[{"start":{"line":82,"column":4},"end":{"line":84,"column":6}}]},"10":{"type":"branch","line":94,"loc":{"start":{"line":94,"column":21},"end":{"line":100,"column":4}},"locations":[{"start":{"line":94,"column":21},"end":{"line":100,"column":4}}]},"11":{"type":"branch","line":102,"loc":{"start":{"line":102,"column":12},"end":{"line":112,"column":5}},"locations":[{"start":{"line":102,"column":12},"end":{"line":112,"column":5}}]},"12":{"type":"branch","line":103,"loc":{"start":{"line":103,"column":14},"end":{"line":111,"column":5}},"locations":[{"start":{"line":103,"column":14},"end":{"line":111,"column":5}}]},"13":{"type":"branch","line":105,"loc":{"start":{"line":105,"column":21},"end":{"line":105,"column":68}},"locations":[{"start":{"line":105,"column":21},"end":{"line":105,"column":68}}]},"14":{"type":"branch","line":107,"loc":{"start":{"line":107,"column":13},"end":{"line":110,"column":8}},"locations":[{"start":{"line":107,"column":13},"end":{"line":110,"column":8}}]},"15":{"type":"branch","line":108,"loc":{"start":{"line":108,"column":23},"end":{"line":108,"column":73}},"locations":[{"start":{"line":108,"column":23},"end":{"line":108,"column":73}}]}},"b":{"0":[22],"1":[12],"2":[5],"3":[5],"4":[1],"5":[1],"6":[1],"7":[3],"8":[1],"9":[0],"10":[2],"11":[7],"12":[2],"13":[8],"14":[2],"15":[8]},"fnMap":{"0":{"name":"useAuth","decl":{"start":{"line":5,"column":23},"end":{"line":5,"column":49}},"loc":{"start":{"line":5,"column":23},"end":{"line":5,"column":49}},"line":5},"1":{"name":"AuthProvider","decl":{"start":{"line":7,"column":0},"end":{"line":119,"column":1}},"loc":{"start":{"line":7,"column":0},"end":{"line":119,"column":1}},"line":7},"2":{"name":"login","decl":{"start":{"line":43,"column":16},"end":{"line":58,"column":4}},"loc":{"start":{"line":43,"column":16},"end":{"line":58,"column":4}},"line":43},"3":{"name":"register","decl":{"start":{"line":61,"column":19},"end":{"line":76,"column":4}},"loc":{"start":{"line":61,"column":19},"end":{"line":76,"column":4}},"line":61},"4":{"name":"logout","decl":{"start":{"line":79,"column":17},"end":{"line":91,"column":4}},"loc":{"start":{"line":79,"column":17},"end":{"line":91,"column":4}},"line":79},"5":{"name":"resetTimer","decl":{"start":{"line":94,"column":21},"end":{"line":100,"column":4}},"loc":{"start":{"line":94,"column":21},"end":{"line":100,"column":4}},"line":94}},"f":{"0":22,"1":12,"2":3,"3":0,"4":1,"5":2}}
,"D:\\CAMP PROYECT\\DESARROLLO\\frontend\\src\\pages\\AdminAnalysisDetail.jsx": {"path":"D:\\CAMP PROYECT\\DESARROLLO\\frontend\\src\\pages\\AdminAnalysisDetail.jsx","all":false,"statementMap":{"0":{"start":{"line":1,"column":0},"end":{"line":1,"column":51}},"1":{"start":{"line":2,"column":0},"end":{"line":2,"column":38}},"2":{"start":{"line":3,"column":0},"end":{"line":3,"column":58}},"3":{"start":{"line":4,"column":0},"end":{"line":4,"column":30}},"5":{"start":{"line":6,"column":0},"end":{"line":6,"column":47}},"6":{"start":{"line":7,"column":0},"end":{"line":7,"column":29}},"7":{"start":{"line":8,"column":0},"end":{"line":8,"column":33}},"9":{"start":{"line":10,"column":0},"end":{"line":10,"column":41}},"10":{"start":{"line":11,"column":0},"end":{"line":11,"column":45}},"12":{"start":{"line":13,"column":0},"end":{"line":13,"column":19}},"13":{"start":{"line":14,"column":0},"end":{"line":14,"column":67}},"14":{"start":{"line":15,"column":0},"end":{"line":15,"column":9}},"16":{"start":{"line":17,"column":0},"end":{"line":17,"column":39}},"18":{"start":{"line":19,"column":0},"end":{"line":19,"column":10}},"19":{"start":{"line":20,"column":0},"end":{"line":20,"column":45}},"20":{"start":{"line":21,"column":0},"end":{"line":21,"column":34}},"21":{"start":{"line":22,"column":0},"end":{"line":22,"column":67}},"23":{"start":{"line":24,"column":0},"end":{"line":24,"column":30}},"24":{"start":{"line":25,"column":0},"end":{"line":25,"column":117}},"25":{"start":{"line":26,"column":0},"end":{"line":26,"column":120}},"26":{"start":{"line":27,"column":0},"end":{"line":27,"column":14}},"28":{"start":{"line":29,"column":0},"end":{"line":29,"column":37}},"29":{"start":{"line":30,"column":0},"end":{"line":30,"column":71}},"30":{"start":{"line":31,"column":0},"end":{"line":31,"column":14}},"32":{"start":{"line":33,"column":0},"end":{"line":33,"column":83}},"33":{"start":{"line":34,"column":0},"end":{"line":34,"column":12}},"34":{"start":{"line":35,"column":0},"end":{"line":35,"column":10}},"36":{"start":{"line":37,"column":0},"end":{"line":37,"column":1}}},"s":{"0":1,"1":1,"2":1,"3":1,"5":0,"6":0,"7":0,"9":0,"10":0,"12":0,"13":0,"14":0,"16":0,"18":0,"19":0,"20":0,"21":0,"23":0,"24":0,"25":0,"26":0,"28":0,"29":0,"30":0,"32":0,"33":0,"34":0,"36":0},"branchMap":{},"b":{},"fnMap":{"0":{"name":"AdminAnalysisDetail","decl":{"start":{"line":6,"column":0},"end":{"line":37,"column":1}},"loc":{"start":{"line":6,"column":0},"end":{"line":37,"column":1}},"line":6}},"f":{"0":0}}
,"D:\\CAMP PROYECT\\DESARROLLO\\frontend\\src\\pages\\AdminDashboard.jsx": {"path":"D:\\CAMP PROYECT\\DESARROLLO\\frontend\\src\\pages\\AdminDashboard.jsx","all":false,"statementMap":{"0":{"start":{"line":1,"column":0},"end":{"line":1,"column":51}},"1":{"start":{"line":2,"column":0},"end":{"line":2,"column":38}},"2":{"start":{"line":3,"column":0},"end":{"line":3,"column":47}},"3":{"start":{"line":4,"column":0},"end":{"line":4,"column":30}},"5":{"start":{"line":6,"column":0},"end":{"line":6,"column":42}},"6":{"start":{"line":7,"column":0},"end":{"line":7,"column":45}},"7":{"start":{"line":8,"column":0},"end":{"line":8,"column":33}},"9":{"start":{"line":10,"column":0},"end":{"line":10,"column":19}},"10":{"start":{"line":11,"column":0},"end":{"line":11,"column":64}},"11":{"start":{"line":12,"column":0},"end":{"line":12,"column":9}},"13":{"start":{"line":14,"column":0},"end":{"line":14,"column":10}},"14":{"start":{"line":15,"column":0},"end":{"line":15,"column":58}},"16":{"start":{"line":17,"column":0},"end":{"line":17,"column":47}},"18":{"start":{"line":19,"column":0},"end":{"line":19,"column":36}},"20":{"start":{"line":21,"column":0},"end":{"line":21,"column":40}},"21":{"start":{"line":22,"column":0},"end":{"line":22,"column":40}},"23":{"start":{"line":24,"column":0},"end":{"line":24,"column":17}},"24":{"start":{"line":25,"column":0},"end":{"line":25,"column":84}},"26":{"start":{"line":27,"column":0},"end":{"line":27,"column":21}},"27":{"start":{"line":28,"column":0},"end":{"line":28,"column":16}},"29":{"start":{"line":30,"column":0},"end":{"line":30,"column":49}},"30":{"start":{"line":31,"column":0},"end":{"line":31,"column":43}},"31":{"start":{"line":32,"column":0},"end":{"line":32,"column":21}},"32":{"start":{"line":33,"column":0},"end":{"line":33,"column":20}},"33":{"start":{"line":34,"column":0},"end":{"line":34,"column":29}},"34":{"start":{"line":35,"column":0},"end":{"line":35,"column":34}},"35":{"start":{"line":36,"column":0},"end":{"line":36,"column":34}},"36":{"start":{"line":37,"column":0},"end":{"line":37,"column":32}},"37":{"start":{"line":38,"column":0},"end":{"line":38,"column":30}},"38":{"start":{"line":39,"column":0},"end":{"line":39,"column":21}},"39":{"start":{"line":40,"column":0},"end":{"line":40,"column":22}},"41":{"start":{"line":42,"column":0},"end":{"line":42,"column":21}},"42":{"start":{"line":43,"column":0},"end":{"line":43,"column":35}},"43":{"start":{"line":44,"column":0},"end":{"line":44,"column":33}},"44":{"start":{"line":45,"column":0},"end":{"line":45,"column":35}},"45":{"start":{"line":46,"column":0},"end":{"line":46,"column":42}},"46":{"start":{"line":47,"column":0},"end":{"line":47,"column":43}},"47":{"start":{"line":48,"column":0},"end":{"line":48,"column":71}},"48":{"start":{"line":49,"column":0},"end":{"line":49,"column":24}},"49":{"start":{"line":50,"column":0},"end":{"line":50,"column":81}},"51":{"start":{"line":52,"column":0},"end":{"line":52,"column":31}},"52":{"start":{"line":53,"column":0},"end":{"line":53,"column":25}},"53":{"start":{"line":54,"column":0},"end":{"line":54,"column":23}},"54":{"start":{"line":55,"column":0},"end":{"line":55,"column":19}},"55":{"start":{"line":56,"column":0},"end":{"line":56,"column":22}},"57":{"start":{"line":58,"column":0},"end":{"line":58,"column":20}},"58":{"start":{"line":59,"column":0},"end":{"line":59,"column":16}},"60":{"start":{"line":61,"column":0},"end":{"line":61,"column":14}},"61":{"start":{"line":62,"column":0},"end":{"line":62,"column":12}},"63":{"start":{"line":64,"column":0},"end":{"line":64,"column":10}},"65":{"start":{"line":66,"column":0},"end":{"line":66,"column":1}}},"s":{"0":1,"1":1,"2":1,"3":1,"5":0,"6":0,"7":0,"9":0,"10":0,"11":0,"13":0,"14":0,"16":0,"18":0,"20":0,"21":0,"23":0,"24":0,"26":0,"27":0,"29":0,"30":0,"31":0,"32":0,"33":0,"34":0,"35":0,"36":0,"37":0,"38":0,"39":0,"41":0,"42":0,"43":0,"44":0,"45":0,"46":0,"47":0,"48":0,"49":0,"51":0,"52":0,"53":0,"54":0,"55":0,"57":0,"58":0,"60":0,"61":0,"63":0,"65":0},"branchMap":{},"b":{},"fnMap":{"0":{"name":"AdminDashboard","decl":{"start":{"line":6,"column":0},"end":{"line":66,"column":1}},"loc":{"start":{"line":6,"column":0},"end":{"line":66,"column":1}},"line":6}},"f":{"0":0}}
,"D:\\CAMP PROYECT\\DESARROLLO\\frontend\\src\\pages\\Dashboard.jsx": {"path":"D:\\CAMP PROYECT\\DESARROLLO\\frontend\\src\\pages\\Dashboard.jsx","all":false,"statementMap":{"0":{"start":{"line":1,"column":0},"end":{"line":1,"column":61}},"1":{"start":{"line":2,"column":0},"end":{"line":2,"column":51}},"2":{"start":{"line":3,"column":0},"end":{"line":3,"column":49}},"3":{"start":{"line":4,"column":0},"end":{"line":4,"column":35}},"5":{"start":{"line":6,"column":0},"end":{"line":6,"column":74}},"7":{"start":{"line":8,"column":0},"end":{"line":8,"column":59}},"8":{"start":{"line":9,"column":0},"end":{"line":9,"column":29}},"9":{"start":{"line":10,"column":0},"end":{"line":10,"column":86}},"11":{"start":{"line":12,"column":0},"end":{"line":12,"column":90}},"12":{"start":{"line":13,"column":0},"end":{"line":13,"column":22}},"14":{"start":{"line":15,"column":0},"end":{"line":15,"column":27}},"15":{"start":{"line":16,"column":0},"end":{"line":16,"column":30}},"16":{"start":{"line":17,"column":0},"end":{"line":17,"column":22}},"17":{"start":{"line":18,"column":0},"end":{"line":18,"column":32}},"18":{"start":{"line":19,"column":0},"end":{"line":19,"column":30}},"19":{"start":{"line":20,"column":0},"end":{"line":20,"column":32}},"20":{"start":{"line":21,"column":0},"end":{"line":21,"column":26}},"21":{"start":{"line":22,"column":0},"end":{"line":22,"column":8}},"22":{"start":{"line":23,"column":0},"end":{"line":23,"column":82}},"23":{"start":{"line":24,"column":0},"end":{"line":24,"column":30}},"24":{"start":{"line":25,"column":0},"end":{"line":25,"column":57}},"25":{"start":{"line":26,"column":0},"end":{"line":26,"column":88}},"26":{"start":{"line":27,"column":0},"end":{"line":27,"column":8}},"27":{"start":{"line":28,"column":0},"end":{"line":28,"column":7}},"29":{"start":{"line":30,"column":0},"end":{"line":30,"column":119}},"30":{"start":{"line":31,"column":0},"end":{"line":31,"column":4}},"33":{"start":{"line":34,"column":0},"end":{"line":34,"column":39}},"34":{"start":{"line":35,"column":0},"end":{"line":35,"column":39}},"35":{"start":{"line":36,"column":0},"end":{"line":36,"column":35}},"36":{"start":{"line":37,"column":0},"end":{"line":37,"column":43}},"37":{"start":{"line":38,"column":0},"end":{"line":38,"column":51}},"38":{"start":{"line":39,"column":0},"end":{"line":39,"column":50}},"39":{"start":{"line":40,"column":0},"end":{"line":40,"column":48}},"40":{"start":{"line":41,"column":0},"end":{"line":41,"column":34}},"42":{"start":{"line":43,"column":0},"end":{"line":43,"column":38}},"43":{"start":{"line":44,"column":0},"end":{"line":44,"column":21}},"44":{"start":{"line":45,"column":0},"end":{"line":45,"column":25}},"45":{"start":{"line":46,"column":0},"end":{"line":46,"column":6}},"47":{"start":{"line":48,"column":0},"end":{"line":48,"column":37}},"48":{"start":{"line":49,"column":0},"end":{"line":49,"column":23}},"50":{"start":{"line":51,"column":0},"end":{"line":51,"column":16}},"51":{"start":{"line":52,"column":0},"end":{"line":52,"column":57}},"53":{"start":{"line":54,"column":0},"end":{"line":54,"column":13}},"54":{"start":{"line":55,"column":0},"end":{"line":55,"column":5}},"56":{"start":{"line":57,"column":0},"end":{"line":57,"column":23}},"57":{"start":{"line":58,"column":0},"end":{"line":58,"column":57}},"58":{"start":{"line":59,"column":0},"end":{"line":59,"column":13}},"59":{"start":{"line":60,"column":0},"end":{"line":60,"column":5}},"61":{"start":{"line":62,"column":0},"end":{"line":62,"column":21}},"63":{"start":{"line":64,"column":0},"end":{"line":64,"column":36}},"64":{"start":{"line":65,"column":0},"end":{"line":65,"column":34}},"66":{"start":{"line":67,"column":0},"end":{"line":67,"column":9}},"67":{"start":{"line":68,"column":0},"end":{"line":68,"column":30}},"68":{"start":{"line":69,"column":0},"end":{"line":69,"column":80}},"69":{"start":{"line":70,"column":0},"end":{"line":70,"column":9}},"70":{"start":{"line":71,"column":0},"end":{"line":71,"column":25}},"71":{"start":{"line":72,"column":0},"end":{"line":72,"column":25}},"72":{"start":{"line":73,"column":0},"end":{"line":73,"column":33}},"73":{"start":{"line":74,"column":0},"end":{"line":74,"column":20}},"74":{"start":{"line":75,"column":0},"end":{"line":75,"column":50}},"75":{"start":{"line":76,"column":0},"end":{"line":76,"column":12}},"76":{"start":{"line":77,"column":0},"end":{"line":77,"column":9}},"77":{"start":{"line":78,"column":0},"end":{"line":78,"column":8}},"79":{"start":{"line":80,"column":0},"end":{"line":80,"column":36}},"80":{"start":{"line":81,"column":0},"end":{"line":81,"column":51}},"82":{"start":{"line":83,"column":0},"end":{"line":83,"column":19}},"83":{"start":{"line":84,"column":0},"end":{"line":84,"column":26}},"84":{"start":{"line":85,"column":0},"end":{"line":85,"column":14}},"85":{"start":{"line":86,"column":0},"end":{"line":86,"column":61}},"86":{"start":{"line":87,"column":0},"end":{"line":87,"column":7}},"87":{"start":{"line":88,"column":0},"end":{"line":88,"column":19}},"88":{"start":{"line":89,"column":0},"end":{"line":89,"column":51}},"89":{"start":{"line":90,"column":0},"end":{"line":90,"column":5}},"91":{"start":{"line":92,"column":0},"end":{"line":92,"column":22}},"92":{"start":{"line":93,"column":0},"end":{"line":93,"column":4}},"96":{"start":{"line":97,"column":0},"end":{"line":97,"column":34}},"97":{"start":{"line":98,"column":0},"end":{"line":98,"column":87}},"98":{"start":{"line":99,"column":0},"end":{"line":99,"column":78}},"99":{"start":{"line":100,"column":0},"end":{"line":100,"column":44}},"100":{"start":{"line":101,"column":0},"end":{"line":101,"column":44}},"101":{"start":{"line":102,"column":0},"end":{"line":102,"column":19}},"102":{"start":{"line":103,"column":0},"end":{"line":103,"column":41}},"103":{"start":{"line":104,"column":0},"end":{"line":104,"column":16}},"104":{"start":{"line":105,"column":0},"end":{"line":105,"column":6}},"107":{"start":{"line":108,"column":0},"end":{"line":108,"column":21}},"108":{"start":{"line":109,"column":0},"end":{"line":109,"column":80}},"109":{"start":{"line":110,"column":0},"end":{"line":110,"column":36}},"110":{"start":{"line":111,"column":0},"end":{"line":111,"column":48}},"111":{"start":{"line":112,"column":0},"end":{"line":112,"column":80}},"112":{"start":{"line":113,"column":0},"end":{"line":113,"column":59}},"113":{"start":{"line":114,"column":0},"end":{"line":114,"column":16}},"114":{"start":{"line":115,"column":0},"end":{"line":115,"column":54}},"115":{"start":{"line":116,"column":0},"end":{"line":116,"column":9}},"116":{"start":{"line":117,"column":0},"end":{"line":117,"column":9}},"117":{"start":{"line":118,"column":0},"end":{"line":118,"column":24}},"119":{"start":{"line":120,"column":0},"end":{"line":120,"column":12}},"120":{"start":{"line":121,"column":0},"end":{"line":121,"column":62}},"121":{"start":{"line":122,"column":0},"end":{"line":122,"column":45}},"122":{"start":{"line":123,"column":0},"end":{"line":123,"column":15}},"123":{"start":{"line":124,"column":0},"end":{"line":124,"column":56}},"124":{"start":{"line":125,"column":0},"end":{"line":125,"column":69}},"125":{"start":{"line":126,"column":0},"end":{"line":126,"column":16}},"126":{"start":{"line":127,"column":0},"end":{"line":127,"column":78}},"127":{"start":{"line":128,"column":0},"end":{"line":128,"column":17}},"129":{"start":{"line":130,"column":0},"end":{"line":130,"column":42}},"130":{"start":{"line":131,"column":0},"end":{"line":131,"column":34}},"131":{"start":{"line":132,"column":0},"end":{"line":132,"column":64}},"132":{"start":{"line":133,"column":0},"end":{"line":133,"column":18}},"133":{"start":{"line":134,"column":0},"end":{"line":134,"column":25}},"134":{"start":{"line":135,"column":0},"end":{"line":135,"column":38}},"135":{"start":{"line":136,"column":0},"end":{"line":136,"column":38}},"136":{"start":{"line":137,"column":0},"end":{"line":137,"column":58}},"137":{"start":{"line":138,"column":0},"end":{"line":138,"column":14}},"139":{"start":{"line":140,"column":0},"end":{"line":140,"column":53}},"140":{"start":{"line":141,"column":0},"end":{"line":141,"column":62}},"141":{"start":{"line":142,"column":0},"end":{"line":142,"column":21}},"143":{"start":{"line":144,"column":0},"end":{"line":144,"column":19}},"144":{"start":{"line":145,"column":0},"end":{"line":145,"column":27}},"145":{"start":{"line":146,"column":0},"end":{"line":146,"column":37}},"146":{"start":{"line":147,"column":0},"end":{"line":147,"column":50}},"147":{"start":{"line":148,"column":0},"end":{"line":148,"column":13}},"149":{"start":{"line":150,"column":0},"end":{"line":150,"column":21}},"151":{"start":{"line":152,"column":0},"end":{"line":152,"column":40}},"152":{"start":{"line":153,"column":0},"end":{"line":153,"column":19}},"153":{"start":{"line":154,"column":0},"end":{"line":154,"column":27}},"154":{"start":{"line":155,"column":0},"end":{"line":155,"column":35}},"155":{"start":{"line":156,"column":0},"end":{"line":156,"column":48}},"156":{"start":{"line":157,"column":0},"end":{"line":157,"column":13}},"158":{"start":{"line":159,"column":0},"end":{"line":159,"column":21}},"160":{"start":{"line":161,"column":0},"end":{"line":161,"column":17}},"161":{"start":{"line":162,"column":0},"end":{"line":162,"column":14}},"163":{"start":{"line":164,"column":0},"end":{"line":164,"column":22}},"164":{"start":{"line":165,"column":0},"end":{"line":165,"column":42}},"165":{"start":{"line":166,"column":0},"end":{"line":166,"column":34}},"166":{"start":{"line":167,"column":0},"end":{"line":167,"column":125}},"167":{"start":{"line":168,"column":0},"end":{"line":168,"column":126}},"168":{"start":{"line":169,"column":0},"end":{"line":169,"column":18}},"170":{"start":{"line":171,"column":0},"end":{"line":171,"column":36}},"171":{"start":{"line":172,"column":0},"end":{"line":172,"column":82}},"172":{"start":{"line":173,"column":0},"end":{"line":173,"column":80}},"173":{"start":{"line":174,"column":0},"end":{"line":174,"column":82}},"174":{"start":{"line":175,"column":0},"end":{"line":175,"column":76}},"175":{"start":{"line":176,"column":0},"end":{"line":176,"column":18}},"177":{"start":{"line":178,"column":0},"end":{"line":178,"column":41}},"178":{"start":{"line":179,"column":0},"end":{"line":179,"column":34}},"179":{"start":{"line":180,"column":0},"end":{"line":180,"column":82}},"180":{"start":{"line":181,"column":0},"end":{"line":181,"column":81}},"181":{"start":{"line":182,"column":0},"end":{"line":182,"column":18}},"183":{"start":{"line":184,"column":0},"end":{"line":184,"column":46}},"184":{"start":{"line":185,"column":0},"end":{"line":185,"column":93}},"185":{"start":{"line":186,"column":0},"end":{"line":186,"column":18}},"186":{"start":{"line":187,"column":0},"end":{"line":187,"column":16}},"189":{"start":{"line":190,"column":0},"end":{"line":190,"column":21}},"190":{"start":{"line":191,"column":0},"end":{"line":191,"column":43}},"191":{"start":{"line":192,"column":0},"end":{"line":192,"column":42}},"192":{"start":{"line":193,"column":0},"end":{"line":193,"column":16}},"194":{"start":{"line":195,"column":0},"end":{"line":195,"column":12}},"196":{"start":{"line":197,"column":0},"end":{"line":197,"column":3}}},"s":{"0":1,"1":1,"2":1,"3":1,"5":1,"7":1,"8":1,"9":1,"11":0,"12":0,"14":0,"15":0,"16":0,"17":0,"18":0,"19":0,"20":0,"21":0,"22":0,"23":0,"24":0,"25":0,"26":0,"27":0,"29":0,"30":0,"33":1,"34":15,"35":15,"36":15,"37":15,"38":15,"39":15,"40":15,"42":15,"43":1,"44":1,"45":1,"47":15,"48":3,"50":3,"51":1,"53":1,"54":1,"56":3,"57":0,"58":0,"59":0,"61":2,"63":2,"64":2,"66":2,"67":2,"68":3,"69":3,"70":3,"71":3,"72":3,"73":3,"74":3,"75":3,"76":3,"77":3,"79":2,"80":2,"82":3,"83":1,"84":1,"85":1,"86":1,"87":3,"88":0,"89":0,"91":2,"92":3,"96":15,"97":0,"98":0,"99":0,"100":0,"101":0,"102":0,"103":0,"104":0,"107":15,"108":10,"109":10,"110":0,"111":0,"112":0,"113":0,"114":0,"115":0,"116":10,"117":15,"119":15,"120":15,"121":15,"122":15,"123":15,"124":15,"125":15,"126":15,"127":15,"129":15,"130":15,"131":15,"132":15,"133":15,"134":15,"135":15,"136":15,"137":15,"139":15,"140":15,"141":15,"143":15,"144":15,"145":15,"146":15,"147":15,"149":15,"151":15,"152":0,"153":0,"154":0,"155":0,"156":0,"158":0,"160":15,"161":15,"163":15,"164":1,"165":1,"166":1,"167":1,"168":1,"170":1,"171":1,"172":1,"173":1,"174":1,"175":1,"177":1,"178":1,"179":1,"180":0,"181":1,"183":1,"184":1,"185":1,"186":1,"189":15,"190":2,"191":2,"192":2,"194":15,"196":15},"branchMap":{"0":{"type":"branch","line":8,"loc":{"start":{"line":8,"column":30},"end":{"line":31,"column":4}},"locations":[{"start":{"line":8,"column":30},"end":{"line":31,"column":4}}]},"1":{"type":"branch","line":10,"loc":{"start":{"line":10,"column":79},"end":{"line":31,"column":4}},"locations":[{"start":{"line":10,"column":79},"end":{"line":31,"column":4}}]},"2":{"type":"branch","line":34,"loc":{"start":{"line":34,"column":2},"end":{"line":197,"column":3}},"locations":[{"start":{"line":34,"column":2},"end":{"line":197,"column":3}}]},"3":{"type":"branch","line":125,"loc":{"start":{"line":125,"column":30},"end":{"line":125,"column":44}},"locations":[{"start":{"line":125,"column":30},"end":{"line":125,"column":44}}]},"4":{"type":"branch","line":125,"loc":{"start":{"line":125,"column":36},"end":{"line":125,"column":56}},"locations":[{"start":{"line":125,"column":36},"end":{"line":125,"column":56}}]},"5":{"type":"branch","line":125,"loc":{"start":{"line":125,"column":44},"end":{"line":125,"column":56}},"locations":[{"start":{"line":125,"column":44},"end":{"line":125,"column":56}}]},"6":{"type":"branch","line":141,"loc":{"start":{"line":141,"column":15},"end":{"line":141,"column":43}},"locations":[{"start":{"line":141,"column":15},"end":{"line":141,"column":43}}]},"7":{"type":"branch","line":141,"loc":{"start":{"line":141,"column":25},"end":{"line":141,"column":62}},"locations":[{"start":{"line":141,"column":25},"end":{"line":141,"column":62}}]},"8":{"type":"branch","line":152,"loc":{"start":{"line":152,"column":13},"end":{"line":152,"column":28}},"locations":[{"start":{"line":152,"column":13},"end":{"line":152,"column":28}}]},"9":{"type":"branch","line":152,"loc":{"start":{"line":152,"column":28},"end":{"line":159,"column":21}},"locations":[{"start":{"line":152,"column":28},"end":{"line":159,"column":21}}]},"10":{"type":"branch","line":164,"loc":{"start":{"line":164,"column":9},"end":{"line":187,"column":16}},"locations":[{"start":{"line":164,"column":9},"end":{"line":187,"column":16}}]},"11":{"type":"branch","line":167,"loc":{"start":{"line":167,"column":55},"end":{"line":167,"column":70}},"locations":[{"start":{"line":167,"column":55},"end":{"line":167,"column":70}}]},"12":{"type":"branch","line":168,"loc":{"start":{"line":168,"column":41},"end":{"line":168,"column":66}},"locations":[{"start":{"line":168,"column":41},"end":{"line":168,"column":66}}]},"13":{"type":"branch","line":180,"loc":{"start":{"line":180,"column":81},"end":{"line":181,"column":81}},"locations":[{"start":{"line":180,"column":81},"end":{"line":181,"column":81}}]},"14":{"type":"branch","line":190,"loc":{"start":{"line":190,"column":9},"end":{"line":193,"column":16}},"locations":[{"start":{"line":190,"column":9},"end":{"line":193,"column":16}}]},"15":{"type":"branch","line":43,"loc":{"start":{"line":43,"column":25},"end":{"line":46,"column":6}},"locations":[{"start":{"line":43,"column":25},"end":{"line":46,"column":6}}]},"16":{"type":"branch","line":48,"loc":{"start":{"line":48,"column":23},"end":{"line":93,"column":4}},"locations":[{"start":{"line":48,"column":23},"end":{"line":93,"column":4}}]},"17":{"type":"branch","line":51,"loc":{"start":{"line":51,"column":15},"end":{"line":55,"column":5}},"locations":[{"start":{"line":51,"column":15},"end":{"line":55,"column":5}}]},"18":{"type":"branch","line":55,"loc":{"start":{"line":55,"column":4},"end":{"line":57,"column":22}},"locations":[{"start":{"line":55,"column":4},"end":{"line":57,"column":22}}]},"19":{"type":"branch","line":57,"loc":{"start":{"line":57,"column":22},"end":{"line":60,"column":5}},"locations":[{"start":{"line":57,"column":22},"end":{"line":60,"column":5}}]},"20":{"type":"branch","line":60,"loc":{"start":{"line":60,"column":4},"end":{"line":69,"column":66}},"locations":[{"start":{"line":60,"column":4},"end":{"line":69,"column":66}}]},"21":{"type":"branch","line":78,"loc":{"start":{"line":78,"column":6},"end":{"line":83,"column":18}},"locations":[{"start":{"line":78,"column":6},"end":{"line":83,"column":18}}]},"22":{"type":"branch","line":83,"loc":{"start":{"line":83,"column":18},"end":{"line":87,"column":7}},"locations":[{"start":{"line":83,"column":18},"end":{"line":87,"column":7}}]},"23":{"type":"branch","line":86,"loc":{"start":{"line":86,"column":19},"end":{"line":86,"column":59}},"locations":[{"start":{"line":86,"column":19},"end":{"line":86,"column":59}}]},"24":{"type":"branch","line":88,"loc":{"start":{"line":88,"column":4},"end":{"line":90,"column":5}},"locations":[{"start":{"line":88,"column":4},"end":{"line":90,"column":5}}]},"25":{"type":"branch","line":90,"loc":{"start":{"line":90,"column":4},"end":{"line":92,"column":22}},"locations":[{"start":{"line":90,"column":4},"end":{"line":92,"column":22}}]},"26":{"type":"branch","line":108,"loc":{"start":{"line":108,"column":14},"end":{"line":118,"column":7}},"locations":[{"start":{"line":108,"column":14},"end":{"line":118,"column":7}}]},"27":{"type":"branch","line":137,"loc":{"start":{"line":137,"column":24},"end":{"line":137,"column":58}},"locations":[{"start":{"line":137,"column":24},"end":{"line":137,"column":58}}]}},"b":{"0":[1],"1":[0],"2":[15],"3":[14],"4":[1],"5":[0],"6":[2],"7":[13],"8":[14],"9":[0],"10":[1],"11":[0],"12":[0],"13":[0],"14":[2],"15":[1],"16":[3],"17":[1],"18":[2],"19":[0],"20":[2],"21":[2],"22":[1],"23":[0],"24":[0],"25":[2],"26":[10],"27":[2]},"fnMap":{"0":{"name":"escapeRegex","decl":{"start":{"line":6,"column":22},"end":{"line":6,"column":74}},"loc":{"start":{"line":6,"column":22},"end":{"line":6,"column":74}},"line":6},"1":{"name":"renderAnnotatedText","decl":{"start":{"line":8,"column":30},"end":{"line":31,"column":4}},"loc":{"start":{"line":8,"column":30},"end":{"line":31,"column":4}},"line":8},"2":{"name":"Dashboard","decl":{"start":{"line":34,"column":2},"end":{"line":197,"column":3}},"loc":{"start":{"line":34,"column":2},"end":{"line":197,"column":3}},"line":34},"3":{"name":"handleLogout","decl":{"start":{"line":43,"column":25},"end":{"line":46,"column":6}},"loc":{"start":{"line":43,"column":25},"end":{"line":46,"column":6}},"line":43},"4":{"name":"handleUpload","decl":{"start":{"line":48,"column":23},"end":{"line":93,"column":4}},"loc":{"start":{"line":48,"column":23},"end":{"line":93,"column":4}},"line":48},"5":{"name":"handleDownload","decl":{"start":{"line":97,"column":27},"end":{"line":105,"column":6}},"loc":{"start":{"line":97,"column":27},"end":{"line":105,"column":6}},"line":97},"6":{"name":"onChange","decl":{"start":{"line":137,"column":24},"end":{"line":137,"column":58}},"loc":{"start":{"line":137,"column":24},"end":{"line":137,"column":58}},"line":137},"7":{"name":"onClick","decl":{"start":{"line":147,"column":23},"end":{"line":147,"column":50}},"loc":{"start":{"line":147,"column":23},"end":{"line":147,"column":50}},"line":147},"8":{"name":"onClick","decl":{"start":{"line":156,"column":23},"end":{"line":156,"column":48}},"loc":{"start":{"line":156,"column":23},"end":{"line":156,"column":48}},"line":156},"9":{"name":"onClick","decl":{"start":{"line":167,"column":79},"end":{"line":167,"column":106}},"loc":{"start":{"line":167,"column":79},"end":{"line":167,"column":106}},"line":167},"10":{"name":"onClick","decl":{"start":{"line":168,"column":79},"end":{"line":168,"column":106}},"loc":{"start":{"line":168,"column":79},"end":{"line":168,"column":106}},"line":168}},"f":{"0":0,"1":1,"2":15,"3":1,"4":3,"5":0,"6":2,"7":0,"8":0,"9":0,"10":0}}
,"D:\\CAMP PROYECT\\DESARROLLO\\frontend\\src\\pages\\History.jsx": {"path":"D:\\CAMP PROYECT\\DESARROLLO\\frontend\\src\\pages\\History.jsx","all":false,"statementMap":{"1":{"start":{"line":2,"column":0},"end":{"line":2,"column":51}},"2":{"start":{"line":3,"column":0},"end":{"line":3,"column":38}},"3":{"start":{"line":4,"column":0},"end":{"line":4,"column":47}},"4":{"start":{"line":5,"column":0},"end":{"line":5,"column":31}},"6":{"start":{"line":7,"column":0},"end":{"line":7,"column":35}},"7":{"start":{"line":8,"column":0},"end":{"line":8,"column":41}},"8":{"start":{"line":9,"column":0},"end":{"line":9,"column":33}},"10":{"start":{"line":11,"column":0},"end":{"line":11,"column":19}},"11":{"start":{"line":12,"column":0},"end":{"line":12,"column":56}},"12":{"start":{"line":13,"column":0},"end":{"line":13,"column":9}},"14":{"start":{"line":15,"column":0},"end":{"line":15,"column":10}},"15":{"start":{"line":16,"column":0},"end":{"line":16,"column":37}},"16":{"start":{"line":17,"column":0},"end":{"line":17,"column":36}},"17":{"start":{"line":18,"column":0},"end":{"line":18,"column":67}},"19":{"start":{"line":20,"column":0},"end":{"line":20,"column":41}},"20":{"start":{"line":21,"column":0},"end":{"line":21,"column":17}},"21":{"start":{"line":22,"column":0},"end":{"line":22,"column":16}},"22":{"start":{"line":23,"column":0},"end":{"line":23,"column":25}},"23":{"start":{"line":24,"column":0},"end":{"line":24,"column":30}},"24":{"start":{"line":25,"column":0},"end":{"line":25,"column":28}},"25":{"start":{"line":26,"column":0},"end":{"line":26,"column":26}},"26":{"start":{"line":27,"column":0},"end":{"line":27,"column":17}},"27":{"start":{"line":28,"column":0},"end":{"line":28,"column":18}},"28":{"start":{"line":29,"column":0},"end":{"line":29,"column":17}},"29":{"start":{"line":30,"column":0},"end":{"line":30,"column":29}},"30":{"start":{"line":31,"column":0},"end":{"line":31,"column":29}},"31":{"start":{"line":32,"column":0},"end":{"line":32,"column":31}},"32":{"start":{"line":33,"column":0},"end":{"line":33,"column":38}},"33":{"start":{"line":34,"column":0},"end":{"line":34,"column":67}},"34":{"start":{"line":35,"column":0},"end":{"line":35,"column":20}},"35":{"start":{"line":36,"column":0},"end":{"line":36,"column":25}},"36":{"start":{"line":37,"column":0},"end":{"line":37,"column":40}},"37":{"start":{"line":38,"column":0},"end":{"line":38,"column":64}},"38":{"start":{"line":39,"column":0},"end":{"line":39,"column":19}},"40":{"start":{"line":41,"column":0},"end":{"line":41,"column":27}},"41":{"start":{"line":42,"column":0},"end":{"line":42,"column":21}},"42":{"start":{"line":43,"column":0},"end":{"line":43,"column":19}},"43":{"start":{"line":44,"column":0},"end":{"line":44,"column":15}},"44":{"start":{"line":45,"column":0},"end":{"line":45,"column":18}},"45":{"start":{"line":46,"column":0},"end":{"line":46,"column":16}},"47":{"start":{"line":48,"column":0},"end":{"line":48,"column":76}},"49":{"start":{"line":50,"column":0},"end":{"line":50,"column":17}},"50":{"start":{"line":51,"column":0},"end":{"line":51,"column":12}},"51":{"start":{"line":52,"column":0},"end":{"line":52,"column":10}},"53":{"start":{"line":54,"column":0},"end":{"line":54,"column":1}}},"s":{"1":1,"2":1,"3":1,"4":1,"6":0,"7":0,"8":0,"10":0,"11":0,"12":0,"14":0,"15":0,"16":0,"17":0,"19":0,"20":0,"21":0,"22":0,"23":0,"24":0,"25":0,"26":0,"27":0,"28":0,"29":0,"30":0,"31":0,"32":0,"33":0,"34":0,"35":0,"36":0,"37":0,"38":0,"40":0,"41":0,"42":0,"43":0,"44":0,"45":0,"47":0,"49":0,"50":0,"51":0,"53":0},"branchMap":{},"b":{},"fnMap":{"0":{"name":"History","decl":{"start":{"line":7,"column":0},"end":{"line":54,"column":1}},"loc":{"start":{"line":7,"column":0},"end":{"line":54,"column":1}},"line":7}},"f":{"0":0}}
,"D:\\CAMP PROYECT\\DESARROLLO\\frontend\\src\\pages\\HistoryDetail.jsx": {"path":"D:\\CAMP PROYECT\\DESARROLLO\\frontend\\src\\pages\\HistoryDetail.jsx","all":false,"statementMap":{"0":{"start":{"line":1,"column":0},"end":{"line":1,"column":59}},"1":{"start":{"line":2,"column":0},"end":{"line":2,"column":38}},"2":{"start":{"line":3,"column":0},"end":{"line":3,"column":58}},"3":{"start":{"line":4,"column":0},"end":{"line":4,"column":37}},"6":{"start":{"line":7,"column":0},"end":{"line":7,"column":72}},"9":{"start":{"line":10,"column":0},"end":{"line":10,"column":57}},"10":{"start":{"line":11,"column":0},"end":{"line":11,"column":27}},"11":{"start":{"line":12,"column":0},"end":{"line":12,"column":55}},"13":{"start":{"line":14,"column":0},"end":{"line":14,"column":88}},"14":{"start":{"line":15,"column":0},"end":{"line":15,"column":20}},"16":{"start":{"line":17,"column":0},"end":{"line":17,"column":25}},"17":{"start":{"line":18,"column":0},"end":{"line":18,"column":28}},"19":{"start":{"line":20,"column":0},"end":{"line":20,"column":20}},"20":{"start":{"line":21,"column":0},"end":{"line":21,"column":30}},"21":{"start":{"line":22,"column":0},"end":{"line":22,"column":28}},"22":{"start":{"line":23,"column":0},"end":{"line":23,"column":30}},"23":{"start":{"line":24,"column":0},"end":{"line":24,"column":24}},"24":{"start":{"line":25,"column":0},"end":{"line":25,"column":6}},"26":{"start":{"line":27,"column":0},"end":{"line":27,"column":80}},"28":{"start":{"line":29,"column":0},"end":{"line":29,"column":28}},"29":{"start":{"line":30,"column":0},"end":{"line":30,"column":55}},"30":{"start":{"line":31,"column":0},"end":{"line":31,"column":86}},"31":{"start":{"line":32,"column":0},"end":{"line":32,"column":6}},"32":{"start":{"line":33,"column":0},"end":{"line":33,"column":5}},"34":{"start":{"line":35,"column":0},"end":{"line":35,"column":10}},"35":{"start":{"line":36,"column":0},"end":{"line":36,"column":8}},"36":{"start":{"line":37,"column":0},"end":{"line":37,"column":31}},"37":{"start":{"line":38,"column":0},"end":{"line":38,"column":50}},"38":{"start":{"line":39,"column":0},"end":{"line":39,"column":6}},"40":{"start":{"line":41,"column":0},"end":{"line":41,"column":2}},"42":{"start":{"line":43,"column":0},"end":{"line":43,"column":41}},"43":{"start":{"line":44,"column":0},"end":{"line":44,"column":29}},"44":{"start":{"line":45,"column":0},"end":{"line":45,"column":41}},"45":{"start":{"line":46,"column":0},"end":{"line":46,"column":46}},"46":{"start":{"line":47,"column":0},"end":{"line":47,"column":33}},"47":{"start":{"line":48,"column":0},"end":{"line":48,"column":23}},"49":{"start":{"line":50,"column":0},"end":{"line":50,"column":19}},"50":{"start":{"line":51,"column":0},"end":{"line":51,"column":45}},"51":{"start":{"line":52,"column":0},"end":{"line":52,"column":36}},"54":{"start":{"line":55,"column":0},"end":{"line":55,"column":52}},"55":{"start":{"line":56,"column":0},"end":{"line":56,"column":17}},"56":{"start":{"line":57,"column":0},"end":{"line":57,"column":62}},"57":{"start":{"line":58,"column":0},"end":{"line":58,"column":21}},"58":{"start":{"line":59,"column":0},"end":{"line":59,"column":35}},"59":{"start":{"line":60,"column":0},"end":{"line":60,"column":13}},"60":{"start":{"line":61,"column":0},"end":{"line":61,"column":9}},"62":{"start":{"line":63,"column":0},"end":{"line":63,"column":23}},"63":{"start":{"line":64,"column":0},"end":{"line":64,"column":11}},"65":{"start":{"line":66,"column":0},"end":{"line":66,"column":9}},"67":{"start":{"line":68,"column":0},"end":{"line":68,"column":59}},"69":{"start":{"line":70,"column":0},"end":{"line":70,"column":10}},"70":{"start":{"line":71,"column":0},"end":{"line":71,"column":44}},"71":{"start":{"line":72,"column":0},"end":{"line":72,"column":46}},"72":{"start":{"line":73,"column":0},"end":{"line":73,"column":72}},"75":{"start":{"line":76,"column":0},"end":{"line":76,"column":30}},"76":{"start":{"line":77,"column":0},"end":{"line":77,"column":17}},"77":{"start":{"line":78,"column":0},"end":{"line":78,"column":59}},"78":{"start":{"line":79,"column":0},"end":{"line":79,"column":47}},"79":{"start":{"line":80,"column":0},"end":{"line":80,"column":11}},"81":{"start":{"line":82,"column":0},"end":{"line":82,"column":19}},"82":{"start":{"line":83,"column":0},"end":{"line":83,"column":17}},"83":{"start":{"line":84,"column":0},"end":{"line":84,"column":59}},"84":{"start":{"line":85,"column":0},"end":{"line":85,"column":47}},"85":{"start":{"line":86,"column":0},"end":{"line":86,"column":11}},"87":{"start":{"line":88,"column":0},"end":{"line":88,"column":19}},"88":{"start":{"line":89,"column":0},"end":{"line":89,"column":14}},"91":{"start":{"line":92,"column":0},"end":{"line":92,"column":32}},"92":{"start":{"line":93,"column":0},"end":{"line":93,"column":78}},"93":{"start":{"line":94,"column":0},"end":{"line":94,"column":76}},"94":{"start":{"line":95,"column":0},"end":{"line":95,"column":78}},"95":{"start":{"line":96,"column":0},"end":{"line":96,"column":72}},"96":{"start":{"line":97,"column":0},"end":{"line":97,"column":14}},"99":{"start":{"line":100,"column":0},"end":{"line":100,"column":37}},"100":{"start":{"line":101,"column":0},"end":{"line":101,"column":30}},"101":{"start":{"line":102,"column":0},"end":{"line":102,"column":70}},"102":{"start":{"line":103,"column":0},"end":{"line":103,"column":73}},"103":{"start":{"line":104,"column":0},"end":{"line":104,"column":14}},"105":{"start":{"line":106,"column":0},"end":{"line":106,"column":66}},"107":{"start":{"line":108,"column":0},"end":{"line":108,"column":17}},"108":{"start":{"line":109,"column":0},"end":{"line":109,"column":12}},"109":{"start":{"line":110,"column":0},"end":{"line":110,"column":10}},"111":{"start":{"line":112,"column":0},"end":{"line":112,"column":1}}},"s":{"0":1,"1":1,"2":1,"3":1,"6":1,"9":1,"10":0,"11":0,"13":0,"14":0,"16":0,"17":0,"19":0,"20":0,"21":0,"22":0,"23":0,"24":0,"26":0,"28":0,"29":0,"30":0,"31":0,"32":0,"34":0,"35":0,"36":0,"37":0,"38":0,"40":0,"42":0,"43":0,"44":0,"45":0,"46":0,"47":0,"49":0,"50":0,"51":0,"54":0,"55":0,"56":0,"57":0,"58":0,"59":0,"60":0,"62":0,"63":0,"65":0,"67":0,"69":0,"70":0,"71":0,"72":0,"75":0,"76":0,"77":0,"78":0,"79":0,"81":0,"82":0,"83":0,"84":0,"85":0,"87":0,"88":0,"91":0,"92":0,"93":0,"94":0,"95":0,"96":0,"99":0,"100":0,"101":0,"102":0,"103":0,"105":0,"107":0,"108":0,"109":0,"111":0},"branchMap":{},"b":{},"fnMap":{"0":{"name":"escapeRegex","decl":{"start":{"line":7,"column":20},"end":{"line":7,"column":72}},"loc":{"start":{"line":7,"column":20},"end":{"line":7,"column":72}},"line":7},"1":{"name":"renderAnnotatedText","decl":{"start":{"line":10,"column":28},"end":{"line":41,"column":2}},"loc":{"start":{"line":10,"column":28},"end":{"line":41,"column":2}},"line":10},"2":{"name":"HistoryDetail","decl":{"start":{"line":43,"column":0},"end":{"line":112,"column":1}},"loc":{"start":{"line":43,"column":0},"end":{"line":112,"column":1}},"line":43}},"f":{"0":0,"1":0,"2":0}}
,"D:\\CAMP PROYECT\\DESARROLLO\\frontend\\src\\pages\\Login.jsx": {"path":"D:\\CAMP PROYECT\\DESARROLLO\\frontend\\src\\pages\\Login.jsx","all":false,"statementMap":{"0":{"start":{"line":1,"column":0},"end":{"line":1,"column":42}},"1":{"start":{"line":2,"column":0},"end":{"line":2,"column":54}},"2":{"start":{"line":3,"column":0},"end":{"line":3,"column":24}},"3":{"start":{"line":4,"column":0},"end":{"line":4,"column":49}},"4":{"start":{"line":5,"column":0},"end":{"line":5,"column":53}},"5":{"start":{"line":6,"column":0},"end":{"line":6,"column":50}},"7":{"start":{"line":8,"column":0},"end":{"line":8,"column":25}},"8":{"start":{"line":9,"column":0},"end":{"line":9,"column":44}},"9":{"start":{"line":10,"column":0},"end":{"line":10,"column":53}},"10":{"start":{"line":11,"column":0},"end":{"line":11,"column":3}},"12":{"start":{"line":13,"column":0},"end":{"line":13,"column":33}},"13":{"start":{"line":14,"column":0},"end":{"line":14,"column":30}},"14":{"start":{"line":15,"column":0},"end":{"line":15,"column":33}},"15":{"start":{"line":16,"column":0},"end":{"line":16,"column":73}},"16":{"start":{"line":17,"column":0},"end":{"line":17,"column":47}},"18":{"start":{"line":19,"column":0},"end":{"line":19,"column":38}},"19":{"start":{"line":20,"column":0},"end":{"line":20,"column":9}},"20":{"start":{"line":21,"column":0},"end":{"line":21,"column":62}},"22":{"start":{"line":23,"column":0},"end":{"line":23,"column":34}},"23":{"start":{"line":24,"column":0},"end":{"line":24,"column":27}},"24":{"start":{"line":25,"column":0},"end":{"line":25,"column":14}},"25":{"start":{"line":26,"column":0},"end":{"line":26,"column":31}},"26":{"start":{"line":27,"column":0},"end":{"line":27,"column":7}},"28":{"start":{"line":29,"column":0},"end":{"line":29,"column":19}},"29":{"start":{"line":30,"column":0},"end":{"line":30,"column":69}},"30":{"start":{"line":31,"column":0},"end":{"line":31,"column":5}},"31":{"start":{"line":32,"column":0},"end":{"line":32,"column":4}},"34":{"start":{"line":35,"column":0},"end":{"line":35,"column":10}},"35":{"start":{"line":36,"column":0},"end":{"line":36,"column":37}},"36":{"start":{"line":37,"column":0},"end":{"line":37,"column":29}},"37":{"start":{"line":38,"column":0},"end":{"line":38,"column":69}},"38":{"start":{"line":39,"column":0},"end":{"line":39,"column":60}},"39":{"start":{"line":40,"column":0},"end":{"line":40,"column":81}},"41":{"start":{"line":42,"column":0},"end":{"line":42,"column":116}},"43":{"start":{"line":44,"column":0},"end":{"line":44,"column":87}},"45":{"start":{"line":46,"column":0},"end":{"line":46,"column":55}},"46":{"start":{"line":47,"column":0},"end":{"line":47,"column":13}},"48":{"start":{"line":49,"column":0},"end":{"line":49,"column":35}},"49":{"start":{"line":50,"column":0},"end":{"line":50,"column":70}},"50":{"start":{"line":51,"column":0},"end":{"line":51,"column":10}},"51":{"start":{"line":52,"column":0},"end":{"line":52,"column":10}},"53":{"start":{"line":54,"column":0},"end":{"line":54,"column":1}}},"s":{"0":1,"1":1,"2":1,"3":1,"4":1,"5":1,"7":1,"8":1,"9":1,"10":1,"12":10,"13":10,"14":10,"15":10,"16":10,"18":10,"19":0,"20":0,"22":0,"23":0,"24":0,"25":0,"26":0,"28":0,"29":0,"30":0,"31":0,"34":10,"35":10,"36":10,"37":10,"38":10,"39":10,"41":10,"43":10,"45":10,"46":10,"48":10,"49":10,"50":10,"51":10,"53":10},"branchMap":{"0":{"type":"branch","line":13,"loc":{"start":{"line":13,"column":0},"end":{"line":54,"column":1}},"locations":[{"start":{"line":13,"column":0},"end":{"line":54,"column":1}}]},"1":{"type":"branch","line":40,"loc":{"start":{"line":40,"column":16},"end":{"line":40,"column":81}},"locations":[{"start":{"line":40,"column":16},"end":{"line":40,"column":81}}]},"2":{"type":"branch","line":44,"loc":{"start":{"line":44,"column":16},"end":{"line":44,"column":87}},"locations":[{"start":{"line":44,"column":16},"end":{"line":44,"column":87}}]}},"b":{"0":[10],"1":[0],"2":[0]},"fnMap":{"0":{"name":"Login","decl":{"start":{"line":13,"column":0},"end":{"line":54,"column":1}},"loc":{"start":{"line":13,"column":0},"end":{"line":54,"column":1}},"line":13},"1":{"name":"onSubmit","decl":{"start":{"line":19,"column":19},"end":{"line":32,"column":4}},"loc":{"start":{"line":19,"column":19},"end":{"line":32,"column":4}},"line":19}},"f":{"0":10,"1":0}}
,"D:\\CAMP PROYECT\\DESARROLLO\\frontend\\src\\pages\\Register.jsx": {"path":"D:\\CAMP PROYECT\\DESARROLLO\\frontend\\src\\pages\\Register.jsx","all":false,"statementMap":{"0":{"start":{"line":1,"column":0},"end":{"line":1,"column":40}},"1":{"start":{"line":2,"column":0},"end":{"line":2,"column":49}},"2":{"start":{"line":3,"column":0},"end":{"line":3,"column":47}},"3":{"start":{"line":4,"column":0},"end":{"line":4,"column":51}},"5":{"start":{"line":6,"column":0},"end":{"line":6,"column":24}},"6":{"start":{"line":7,"column":0},"end":{"line":7,"column":33}},"7":{"start":{"line":8,"column":0},"end":{"line":8,"column":33}},"8":{"start":{"line":9,"column":0},"end":{"line":9,"column":39}},"9":{"start":{"line":10,"column":0},"end":{"line":10,"column":41}},"10":{"start":{"line":11,"column":0},"end":{"line":11,"column":47}},"12":{"start":{"line":13,"column":0},"end":{"line":13,"column":37}},"13":{"start":{"line":14,"column":0},"end":{"line":14,"column":23}},"14":{"start":{"line":15,"column":0},"end":{"line":15,"column":42}},"15":{"start":{"line":16,"column":0},"end":{"line":16,"column":27}},"16":{"start":{"line":17,"column":0},"end":{"line":17,"column":4}},"18":{"start":{"line":19,"column":0},"end":{"line":19,"column":10}},"19":{"start":{"line":20,"column":0},"end":{"line":20,"column":40}},"20":{"start":{"line":21,"column":0},"end":{"line":21,"column":23}},"22":{"start":{"line":23,"column":0},"end":{"line":23,"column":62}},"23":{"start":{"line":24,"column":0},"end":{"line":24,"column":13}},"24":{"start":{"line":25,"column":0},"end":{"line":25,"column":31}},"25":{"start":{"line":26,"column":0},"end":{"line":26,"column":16}},"26":{"start":{"line":27,"column":0},"end":{"line":27,"column":23}},"27":{"start":{"line":28,"column":0},"end":{"line":28,"column":32}},"28":{"start":{"line":29,"column":0},"end":{"line":29,"column":24}},"29":{"start":{"line":30,"column":0},"end":{"line":30,"column":53}},"30":{"start":{"line":31,"column":0},"end":{"line":31,"column":20}},"31":{"start":{"line":32,"column":0},"end":{"line":32,"column":12}},"32":{"start":{"line":33,"column":0},"end":{"line":33,"column":14}},"34":{"start":{"line":35,"column":0},"end":{"line":35,"column":13}},"35":{"start":{"line":36,"column":0},"end":{"line":36,"column":31}},"36":{"start":{"line":37,"column":0},"end":{"line":37,"column":16}},"37":{"start":{"line":38,"column":0},"end":{"line":38,"column":24}},"38":{"start":{"line":39,"column":0},"end":{"line":39,"column":31}},"39":{"start":{"line":40,"column":0},"end":{"line":40,"column":25}},"40":{"start":{"line":41,"column":0},"end":{"line":41,"column":54}},"41":{"start":{"line":42,"column":0},"end":{"line":42,"column":20}},"42":{"start":{"line":43,"column":0},"end":{"line":43,"column":12}},"43":{"start":{"line":44,"column":0},"end":{"line":44,"column":14}},"45":{"start":{"line":46,"column":0},"end":{"line":46,"column":13}},"46":{"start":{"line":47,"column":0},"end":{"line":47,"column":35}},"47":{"start":{"line":48,"column":0},"end":{"line":48,"column":16}},"48":{"start":{"line":49,"column":0},"end":{"line":49,"column":27}},"49":{"start":{"line":50,"column":0},"end":{"line":50,"column":36}},"50":{"start":{"line":51,"column":0},"end":{"line":51,"column":28}},"51":{"start":{"line":52,"column":0},"end":{"line":52,"column":57}},"52":{"start":{"line":53,"column":0},"end":{"line":53,"column":20}},"53":{"start":{"line":54,"column":0},"end":{"line":54,"column":12}},"54":{"start":{"line":55,"column":0},"end":{"line":55,"column":14}},"56":{"start":{"line":57,"column":0},"end":{"line":57,"column":50}},"58":{"start":{"line":59,"column":0},"end":{"line":59,"column":36}},"59":{"start":{"line":60,"column":0},"end":{"line":60,"column":67}},"60":{"start":{"line":61,"column":0},"end":{"line":61,"column":14}},"62":{"start":{"line":63,"column":0},"end":{"line":63,"column":13}},"63":{"start":{"line":64,"column":0},"end":{"line":64,"column":10}},"65":{"start":{"line":66,"column":0},"end":{"line":66,"column":2}},"67":{"start":{"line":68,"column":0},"end":{"line":68,"column":24}}},"s":{"0":1,"1":1,"2":1,"3":1,"5":1,"6":6,"7":6,"8":6,"9":6,"10":6,"12":6,"13":0,"14":0,"15":0,"16":0,"18":6,"19":6,"20":6,"22":6,"23":6,"24":6,"25":6,"26":6,"27":6,"28":6,"29":6,"30":6,"31":6,"32":6,"34":6,"35":6,"36":6,"37":6,"38":6,"39":6,"40":6,"41":6,"42":6,"43":6,"45":6,"46":6,"47":6,"48":6,"49":6,"50":6,"51":6,"52":6,"53":6,"54":6,"56":6,"58":6,"59":6,"60":6,"62":6,"63":6,"65":6,"67":1},"branchMap":{"0":{"type":"branch","line":6,"loc":{"start":{"line":6,"column":17},"end":{"line":66,"column":2}},"locations":[{"start":{"line":6,"column":17},"end":{"line":66,"column":2}}]},"1":{"type":"branch","line":30,"loc":{"start":{"line":30,"column":22},"end":{"line":30,"column":53}},"locations":[{"start":{"line":30,"column":22},"end":{"line":30,"column":53}}]},"2":{"type":"branch","line":41,"loc":{"start":{"line":41,"column":22},"end":{"line":41,"column":54}},"locations":[{"start":{"line":41,"column":22},"end":{"line":41,"column":54}}]}},"b":{"0":[6],"1":[1],"2":[1]},"fnMap":{"0":{"name":"Register","decl":{"start":{"line":6,"column":17},"end":{"line":66,"column":2}},"loc":{"start":{"line":6,"column":17},"end":{"line":66,"column":2}},"line":6},"1":{"name":"handleSubmit","decl":{"start":{"line":13,"column":23},"end":{"line":17,"column":4}},"loc":{"start":{"line":13,"column":23},"end":{"line":17,"column":4}},"line":13},"2":{"name":"onChange","decl":{"start":{"line":30,"column":22},"end":{"line":30,"column":53}},"loc":{"start":{"line":30,"column":22},"end":{"line":30,"column":53}},"line":30},"3":{"name":"onChange","decl":{"start":{"line":41,"column":22},"end":{"line":41,"column":54}},"loc":{"start":{"line":41,"column":22},"end":{"line":41,"column":54}},"line":41},"4":{"name":"onChange","decl":{"start":{"line":52,"column":22},"end":{"line":52,"column":57}},"loc":{"start":{"line":52,"column":22},"end":{"line":52,"column":57}},"line":52}},"f":{"0":6,"1":0,"2":1,"3":1,"4":0}}
,"D:\\CAMP PROYECT\\DESARROLLO\\frontend\\src\\services\\api.js": {"path":"D:\\CAMP PROYECT\\DESARROLLO\\frontend\\src\\services\\api.js","all":false,"statementMap":{"0":{"start":{"line":1,"column":0},"end":{"line":1,"column":26}},"1":{"start":{"line":2,"column":0},"end":{"line":2,"column":0}},"2":{"start":{"line":3,"column":0},"end":{"line":3,"column":77}},"3":{"start":{"line":4,"column":0},"end":{"line":4,"column":0}},"4":{"start":{"line":5,"column":0},"end":{"line":5,"column":33}},"5":{"start":{"line":6,"column":0},"end":{"line":6,"column":20}},"6":{"start":{"line":7,"column":0},"end":{"line":7,"column":54}},"7":{"start":{"line":8,"column":0},"end":{"line":8,"column":3}},"8":{"start":{"line":9,"column":0},"end":{"line":9,"column":0}},"9":{"start":{"line":10,"column":0},"end":{"line":10,"column":50}},"10":{"start":{"line":11,"column":0},"end":{"line":11,"column":37}},"11":{"start":{"line":12,"column":0},"end":{"line":12,"column":14}},"12":{"start":{"line":13,"column":0},"end":{"line":13,"column":69}},"13":{"start":{"line":14,"column":0},"end":{"line":14,"column":41}},"14":{"start":{"line":15,"column":0},"end":{"line":15,"column":10}},"15":{"start":{"line":16,"column":0},"end":{"line":16,"column":56}},"16":{"start":{"line":17,"column":0},"end":{"line":17,"column":37}},"17":{"start":{"line":18,"column":0},"end":{"line":18,"column":3}},"18":{"start":{"line":19,"column":0},"end":{"line":19,"column":1}},"19":{"start":{"line":20,"column":0},"end":{"line":20,"column":0}},"20":{"start":{"line":21,"column":0},"end":{"line":21,"column":53}},"21":{"start":{"line":22,"column":0},"end":{"line":22,"column":44}},"22":{"start":{"line":23,"column":0},"end":{"line":23,"column":12}},"23":{"start":{"line":24,"column":0},"end":{"line":24,"column":67}},"24":{"start":{"line":25,"column":0},"end":{"line":25,"column":1}},"25":{"start":{"line":26,"column":0},"end":{"line":26,"column":0}},"26":{"start":{"line":27,"column":0},"end":{"line":27,"column":19}}},"s":{"0":1,"1":1,"2":1,"3":1,"4":1,"5":1,"6":1,"7":1,"8":1,"9":1,"10":1,"11":0,"12":0,"13":0,"14":0,"15":0,"16":0,"17":0,"18":0,"19":1,"20":1,"21":1,"22":1,"23":0,"24":0,"25":1,"26":1},"branchMap":{"0":{"type":"branch","line":23,"loc":{"start":{"line":23,"column":11},"end":{"line":25,"column":1}},"locations":[{"start":{"line":23,"column":11},"end":{"line":25,"column":1}}]}},"b":{"0":[0]},"fnMap":{"0":{"name":"setAuthToken","decl":{"start":{"line":11,"column":7},"end":{"line":19,"column":1}},"loc":{"start":{"line":11,"column":7},"end":{"line":19,"column":1}},"line":11}},"f":{"0":0}}
,"D:\\CAMP PROYECT\\DESARROLLO\\frontend\\src\\utils\\navbarHeightFix.js": {"path":"D:\\CAMP PROYECT\\DESARROLLO\\frontend\\src\\utils\\navbarHeightFix.js","all":true,"statementMap":{"0":{"start":{"line":1,"column":0},"end":{"line":1,"column":36}},"1":{"start":{"line":2,"column":0},"end":{"line":2,"column":56}},"2":{"start":{"line":3,"column":0},"end":{"line":3,"column":22}},"3":{"start":{"line":4,"column":0},"end":{"line":4,"column":0}},"4":{"start":{"line":5,"column":0},"end":{"line":5,"column":37}},"5":{"start":{"line":6,"column":0},"end":{"line":6,"column":79}},"6":{"start":{"line":7,"column":0},"end":{"line":7,"column":1}},"7":{"start":{"line":8,"column":0},"end":{"line":8,"column":0}},"8":{"start":{"line":9,"column":0},"end":{"line":9,"column":40}},"9":{"start":{"line":10,"column":0},"end":{"line":10,"column":50}},"10":{"start":{"line":11,"column":0},"end":{"line":11,"column":52}}},"s":{"0":0,"1":0,"2":0,"3":0,"4":0,"5":0,"6":0,"7":0,"8":0,"9":0,"10":0},"branchMap":{"0":{"type":"branch","line":1,"loc":{"start":{"line":1,"column":0},"end":{"line":11,"column":52}},"locations":[{"start":{"line":1,"column":0},"end":{"line":11,"column":52}}]}},"b":{"0":[0]},"fnMap":{"0":{"name":"(empty-report)","decl":{"start":{"line":1,"column":0},"end":{"line":11,"column":52}},"loc":{"start":{"line":1,"column":0},"end":{"line":11,"column":52}},"line":1}},"f":{"0":0}}
}
